2025-12-25 08:32:51 [background-preinit] INFO  o.h.validator.internal.util.Version - HV000001: Hibernate Validator 8.0.3.Final
2025-12-25 08:32:51 [main] INFO  org.dromara.DromaraApplication - Starting DromaraApplication using Java 24.0.2 with PID 28620 (D:\test\ruoyi\RuoYi-Vue-Plus-v5.5.1\ruoyi-admin\target\classes started by dmx in D:\test\ruoyi)
2025-12-25 08:32:51 [main] INFO  org.dromara.DromaraApplication - The following 1 profile is active: "dev"
2025-12-25 08:32:56 [main] INFO  io.undertow.servlet - Initializing Spring embedded WebApplicationContext
2025-12-25 08:32:57 [main] INFO  c.b.d.d.DynamicRoutingDataSource - dynamic-datasource detect P6SPY plugin and enabled it
2025-12-25 08:32:57 [main] INFO  com.zaxxer.hikari.HikariDataSource - master - Starting...
2025-12-25 08:32:57 [main] INFO  com.zaxxer.hikari.pool.HikariPool - master - Added connection com.mysql.cj.jdbc.ConnectionImpl@7baf7e2c
2025-12-25 08:32:57 [main] INFO  com.zaxxer.hikari.HikariDataSource - master - Start completed.
2025-12-25 08:32:57 [main] INFO  c.b.d.d.DynamicRoutingDataSource - dynamic-datasource - add a datasource named [master] success
2025-12-25 08:32:57 [main] INFO  c.b.d.d.DynamicRoutingDataSource - dynamic-datasource initial loaded [1] datasource,primary datasource named [master]
2025-12-25 08:33:00 [main] INFO  o.d.common.redis.config.RedisConfig - 初始化 redis 配置
2025-12-25 08:33:00 [main] INFO  org.redisson.Version - Redisson 3.51.0
2025-12-25 08:33:00 [redisson-netty-1-5] INFO  o.r.connection.ConnectionsHolder - 1 connections initialized for 127.0.0.1/127.0.0.1:6379
2025-12-25 08:33:00 [redisson-netty-1-3] INFO  o.r.connection.ConnectionsHolder - 8 connections initialized for 127.0.0.1/127.0.0.1:6379
2025-12-25 08:33:01 [main] INFO  c.a.s.c.j.c.e.b.AbstractScriptExecutor$SnailFileUtils - [FileUtils] [workspace] use user.home as workspace: C:\Users\dmx/snailJob/worker
2025-12-25 08:33:01 [main] INFO  c.a.s.c.j.c.e.b.AbstractScriptExecutor$SnailFileUtils - [FileUtils] [workspace] use user.home as workspace: C:\Users\dmx/snailJob/worker
2025-12-25 08:33:01 [main] INFO  c.a.s.c.j.c.e.b.AbstractScriptExecutor$SnailFileUtils - [FileUtils] [workspace] use user.home as workspace: C:\Users\dmx/snailJob/worker
2025-12-25 08:33:02 [main] INFO  o.d.common.json.config.JacksonConfig - 初始化 jackson 配置
2025-12-25 08:33:02 [main] INFO  c.a.s.c.s.SnailJobClientJobCoreAutoConfiguration - Snail-Job 客户端IP为: 172.31.48.1
2025-12-25 08:33:02 [main] INFO  c.b.m.e.s.MybatisPlusApplicationContextAware - Register ApplicationContext instances org.springframework.boot.web.servlet.context.AnnotationConfigServletWebServerApplicationContext@41beb473
2025-12-25 08:33:05 [main] INFO  o.d.w.p.modes.sb.config.BeanConfig - 【warm-flow】，加载完成
2025-12-25 08:33:06 [main] INFO  io.undertow - starting server: Undertow - 2.3.20.Final
2025-12-25 08:33:06 [main] INFO  org.xnio - XNIO version 3.8.16.Final
2025-12-25 08:33:06 [main] INFO  org.xnio.nio - XNIO NIO Implementation Version 3.8.16.Final
2025-12-25 08:33:06 [main] INFO  org.jboss.threads - JBoss Threads version 3.7.0.Final
2025-12-25 08:33:06 [main] INFO  org.dromara.DromaraApplication - Started DromaraApplication in 15.628 seconds (process running for 16.211)
2025-12-25 08:33:06 [main] INFO  o.d.c.sse.listener.SseTopicListener - 初始化SSE主题订阅监听器成功
2025-12-25 08:33:06 [main] INFO  c.a.s.c.c.init.SnailJobStartListener - snail-job client is preparing to start... v1.8.0
2025-12-25 08:33:06 [main] INFO  c.a.s.c.c.r.c.g.SnailJobGrpcClient - gRPC client started connect to server
2025-12-25 08:33:06 [main] INFO  c.a.s.c.c.rpc.server.SnailGrpcServer - ------> snail-job remoting server start success, grpc = com.aizuda.snailjob.client.common.rpc.server.SnailGrpcServer, port = 28080
2025-12-25 08:33:07 [main] INFO  c.a.s.c.c.init.SnailJobStartListener - snail-job client started successfully v1.8.0
2025-12-25 08:33:07 [main] INFO  o.d.s.runner.SystemApplicationRunner - 初始化OSS配置成功
2025-12-25 09:04:17 [XNIO-1 task-3] INFO  io.undertow.servlet - Initializing Spring DispatcherServlet 'dispatcherServlet'
2025-12-25 09:04:17 [XNIO-1 task-2] INFO  o.d.c.w.i.PlusWebInvokeTimeInterceptor - [PLUS]开始请求 => URL[GET /auth/code],无参数
2025-12-25 09:04:17 [XNIO-1 task-3] INFO  o.d.c.w.i.PlusWebInvokeTimeInterceptor - [PLUS]开始请求 => URL[GET /auth/tenant/list],无参数
2025-12-25 09:04:17 [XNIO-1 task-3] INFO  o.d.c.r.aspectj.RateLimiterAspect - 限制令牌 => 20, 剩余令牌 => 19, 缓存key => 'global:rate_limit:/auth/tenant/list:0:0:0:0:0:0:0:1:'
2025-12-25 09:04:17 [XNIO-1 task-2] INFO  o.d.c.r.aspectj.RateLimiterAspect - 限制令牌 => 10, 剩余令牌 => 9, 缓存key => 'global:rate_limit:/auth/code:0:0:0:0:0:0:0:1:'
2025-12-25 09:04:17 [XNIO-1 task-3] INFO  o.d.c.w.i.PlusWebInvokeTimeInterceptor - [PLUS]结束请求 => URL[GET /auth/tenant/list],耗时:[180]毫秒
2025-12-25 09:04:17 [XNIO-1 task-2] INFO  o.d.c.w.i.PlusWebInvokeTimeInterceptor - [PLUS]结束请求 => URL[GET /auth/code],耗时:[312]毫秒
2025-12-25 09:05:52 [XNIO-1 task-2] INFO  o.d.c.w.i.PlusWebInvokeTimeInterceptor - [PLUS]开始请求 => URL[POST /auth/login],参数类型[json],参数:[{"tenantId":"000000","username":"admin","password":"admin123","rememberMe":true,"uuid":"9a1801616f924726840eb39bad5feaea","code":"1","clientId":"e5cd7e4891bf95d1d19206ce24a7b32e","grantType":"password"}]
2025-12-25 09:05:53 [async-1] INFO  o.d.s.s.i.SysLogininforServiceImpl - [0:0:0:0:0:0:0:1]内网IP[admin][Success][登录成功]
2025-12-25 09:05:53 [XNIO-1 task-2] INFO  o.d.web.listener.UserActionListener - user doLogin, userId:sys_user:1, token:eyJ0eXAiOiJKV1QiLCJhbGciOiJIUzI1NiJ9.eyJsb2dpblR5cGUiOiJsb2dpbiIsImxvZ2luSWQiOiJzeXNfdXNlcjoxIiwicm5TdHIiOiJaMjBad1Z4Mm1CTUhRZEtqOWNaMGVJbmVaYWxaRXBVdiIsImNsaWVudGlkIjoiZTVjZDdlNDg5MWJmOTVkMWQxOTIwNmNlMjRhN2IzMmUiLCJ0ZW5hbnRJZCI6IjAwMDAwMCIsInVzZXJJZCI6MSwidXNlck5hbWUiOiJhZG1pbiIsImRlcHRJZCI6MTAzLCJkZXB0TmFtZSI6IueglOWPkemDqOmXqCIsImRlcHRDYXRlZ29yeSI6IiJ9.ZekMtKG8ja-mNI2JRcztMJeNeEN3I7mOmh9GF9ReklM
2025-12-25 09:05:53 [XNIO-1 task-2] INFO  o.d.c.w.i.PlusWebInvokeTimeInterceptor - [PLUS]结束请求 => URL[POST /auth/login],耗时:[782]毫秒
2025-12-25 09:05:53 [XNIO-1 task-2] INFO  o.d.c.w.i.PlusWebInvokeTimeInterceptor - [PLUS]开始请求 => URL[GET /system/user/getInfo],无参数
2025-12-25 09:05:53 [XNIO-1 task-2] INFO  o.d.c.w.i.PlusWebInvokeTimeInterceptor - [PLUS]结束请求 => URL[GET /system/user/getInfo],耗时:[228]毫秒
2025-12-25 09:05:54 [XNIO-1 task-2] INFO  o.d.c.w.i.PlusWebInvokeTimeInterceptor - [PLUS]开始请求 => URL[GET /system/menu/getRouters],无参数
2025-12-25 09:05:54 [XNIO-1 task-2] INFO  o.d.c.w.i.PlusWebInvokeTimeInterceptor - [PLUS]结束请求 => URL[GET /system/menu/getRouters],耗时:[173]毫秒
2025-12-25 09:05:54 [XNIO-1 task-2] INFO  o.d.c.w.i.PlusWebInvokeTimeInterceptor - [PLUS]开始请求 => URL[GET /auth/tenant/list],无参数
2025-12-25 09:05:54 [XNIO-1 task-2] INFO  o.d.c.r.aspectj.RateLimiterAspect - 限制令牌 => 20, 剩余令牌 => 19, 缓存key => 'global:rate_limit:/auth/tenant/list:0:0:0:0:0:0:0:1:'
2025-12-25 09:05:54 [XNIO-1 task-3] INFO  o.d.c.w.i.PlusWebInvokeTimeInterceptor - [PLUS]开始请求 => URL[GET /resource/sse],参数类型[param],参数:[{"Authorization":["Bearer eyJ0eXAiOiJKV1QiLCJhbGciOiJIUzI1NiJ9.eyJsb2dpblR5cGUiOiJsb2dpbiIsImxvZ2luSWQiOiJzeXNfdXNlcjoxIiwicm5TdHIiOiJaMjBad1Z4Mm1CTUhRZEtqOWNaMGVJbmVaYWxaRXBVdiIsImNsaWVudGlkIjoiZTVjZDdlNDg5MWJmOTVkMWQxOTIwNmNlMjRhN2IzMmUiLCJ0ZW5hbnRJZCI6IjAwMDAwMCIsInVzZXJJZCI6MSwidXNlck5hbWUiOiJhZG1pbiIsImRlcHRJZCI6MTAzLCJkZXB0TmFtZSI6IueglOWPkemDqOmXqCIsImRlcHRDYXRlZ29yeSI6IiJ9.ZekMtKG8ja-mNI2JRcztMJeNeEN3I7mOmh9GF9ReklM"],"clientid":["e5cd7e4891bf95d1d19206ce24a7b32e"]}]
2025-12-25 09:05:54 [XNIO-1 task-2] INFO  o.d.c.w.i.PlusWebInvokeTimeInterceptor - [PLUS]结束请求 => URL[GET /auth/tenant/list],耗时:[14]毫秒
2025-12-25 09:05:58 [schedule-pool-5] INFO  o.d.c.sse.core.SseEmitterManager - SSE发送主题订阅消息topic:global:sse session keys:[1] message:欢迎登录RuoYi-Vue-Plus后台管理系统
2025-12-25 09:05:58 [redisson-3-2] INFO  o.d.c.sse.listener.SseTopicListener - SSE主题订阅收到消息session keys=[1] message=欢迎登录RuoYi-Vue-Plus后台管理系统
2025-12-25 09:09:34 [XNIO-1 task-3] INFO  o.d.c.w.i.PlusWebInvokeTimeInterceptor - [PLUS]开始请求 => URL[GET /],无参数
2025-12-25 09:09:34 [XNIO-1 task-3] INFO  o.d.c.w.i.PlusWebInvokeTimeInterceptor - [PLUS]结束请求 => URL[GET /],耗时:[2]毫秒
2025-12-25 09:10:33 [XNIO-1 task-3] INFO  o.d.c.w.i.PlusWebInvokeTimeInterceptor - [PLUS]开始请求 => URL[GET /system/dict/data/type/sys_yes_no],无参数
2025-12-25 09:10:33 [XNIO-1 task-2] INFO  o.d.c.w.i.PlusWebInvokeTimeInterceptor - [PLUS]开始请求 => URL[GET /system/config/list],参数类型[param],参数:[{"pageSize":["10"],"pageNum":["1"]}]
2025-12-25 09:10:33 [XNIO-1 task-3] INFO  o.d.c.w.i.PlusWebInvokeTimeInterceptor - [PLUS]结束请求 => URL[GET /system/dict/data/type/sys_yes_no],耗时:[42]毫秒
2025-12-25 09:10:33 [XNIO-1 task-2] INFO  o.d.c.w.i.PlusWebInvokeTimeInterceptor - [PLUS]结束请求 => URL[GET /system/config/list],耗时:[85]毫秒
2025-12-25 09:10:43 [XNIO-1 task-2] INFO  o.d.c.w.i.PlusWebInvokeTimeInterceptor - [PLUS]开始请求 => URL[GET /system/dict/data/type/sys_device_type],无参数
2025-12-25 09:10:43 [XNIO-1 task-3] INFO  o.d.c.w.i.PlusWebInvokeTimeInterceptor - [PLUS]开始请求 => URL[GET /system/dict/data/type/sys_normal_disable],无参数
2025-12-25 09:10:43 [XNIO-1 task-4] INFO  o.d.c.w.i.PlusWebInvokeTimeInterceptor - [PLUS]开始请求 => URL[GET /system/dict/data/type/sys_grant_type],无参数
2025-12-25 09:10:43 [XNIO-1 task-3] INFO  o.d.c.w.i.PlusWebInvokeTimeInterceptor - [PLUS]结束请求 => URL[GET /system/dict/data/type/sys_normal_disable],耗时:[4]毫秒
2025-12-25 09:10:43 [XNIO-1 task-2] INFO  o.d.c.w.i.PlusWebInvokeTimeInterceptor - [PLUS]结束请求 => URL[GET /system/dict/data/type/sys_device_type],耗时:[4]毫秒
2025-12-25 09:10:43 [XNIO-1 task-4] INFO  o.d.c.w.i.PlusWebInvokeTimeInterceptor - [PLUS]结束请求 => URL[GET /system/dict/data/type/sys_grant_type],耗时:[4]毫秒
2025-12-25 09:10:44 [XNIO-1 task-4] INFO  o.d.c.w.i.PlusWebInvokeTimeInterceptor - [PLUS]开始请求 => URL[GET /system/client/list],参数类型[param],参数:[{"pageSize":["10"],"pageNum":["1"]}]
2025-12-25 09:10:44 [XNIO-1 task-4] INFO  o.d.c.w.i.PlusWebInvokeTimeInterceptor - [PLUS]结束请求 => URL[GET /system/client/list],耗时:[104]毫秒
2025-12-25 09:12:04 [XNIO-1 task-4] INFO  o.d.c.w.i.PlusWebInvokeTimeInterceptor - [PLUS]开始请求 => URL[GET /system/config/1],无参数
2025-12-25 09:12:04 [XNIO-1 task-4] INFO  o.d.c.w.i.PlusWebInvokeTimeInterceptor - [PLUS]结束请求 => URL[GET /system/config/1],耗时:[13]毫秒
2025-12-25 09:12:17 [XNIO-1 task-4] INFO  o.d.c.w.i.PlusWebInvokeTimeInterceptor - [PLUS]开始请求 => URL[GET /system/dict/data/type/sys_show_hide],无参数
2025-12-25 09:12:17 [XNIO-1 task-2] INFO  o.d.c.w.i.PlusWebInvokeTimeInterceptor - [PLUS]开始请求 => URL[GET /system/menu/list],无参数
2025-12-25 09:12:17 [XNIO-1 task-4] INFO  o.d.c.w.i.PlusWebInvokeTimeInterceptor - [PLUS]结束请求 => URL[GET /system/dict/data/type/sys_show_hide],耗时:[7]毫秒
2025-12-25 09:12:17 [XNIO-1 task-2] INFO  o.d.c.w.i.PlusWebInvokeTimeInterceptor - [PLUS]结束请求 => URL[GET /system/menu/list],耗时:[54]毫秒
2025-12-25 09:21:17 [Thread-4] INFO  c.a.s.c.c.window.SlidingRingWindow - JVM is about to exit, emitting data in the Window
2025-12-25 09:21:17 [SpringApplicationShutdownHook] INFO  c.a.s.c.c.init.SnailJobCloseListener - snail-job client about to shutdown v1.8.0
2025-12-25 09:21:17 [SpringApplicationShutdownHook] INFO  c.a.s.c.c.l.report.AbstractLogReport - AsyncReport Log about to shutdown
2025-12-25 09:21:17 [SpringApplicationShutdownHook] INFO  c.a.s.c.c.window.SlidingRingWindow - Sliding window is about to exit, emitting data in the Window
2025-12-25 09:21:17 [SpringApplicationShutdownHook] INFO  c.a.s.c.c.l.report.AbstractLogReport - AsyncReport Log has been shutdown
2025-12-25 09:21:17 [SpringApplicationShutdownHook] INFO  c.a.s.c.c.init.SnailJobCloseListener - snail-job client closed successfully v1.8.0
2025-12-25 09:21:56 [background-preinit] INFO  o.h.validator.internal.util.Version - HV000001: Hibernate Validator 8.0.3.Final
2025-12-25 09:21:56 [main] INFO  org.dromara.DromaraApplication - Starting DromaraApplication using Java 24.0.2 with PID 10892 (D:\test\ruoyi\RuoYi-Vue-Plus-v5.5.1\ruoyi-admin\target\classes started by dmx in D:\test\ruoyi)
2025-12-25 09:21:56 [main] INFO  org.dromara.DromaraApplication - The following 1 profile is active: "dev"
2025-12-25 09:22:05 [main] INFO  io.undertow.servlet - Initializing Spring embedded WebApplicationContext
2025-12-25 09:22:06 [main] INFO  c.b.d.d.DynamicRoutingDataSource - dynamic-datasource detect P6SPY plugin and enabled it
2025-12-25 09:22:06 [main] INFO  com.zaxxer.hikari.HikariDataSource - master - Starting...
2025-12-25 09:22:07 [main] INFO  com.zaxxer.hikari.pool.HikariPool - master - Added connection com.mysql.cj.jdbc.ConnectionImpl@61e34bec
2025-12-25 09:22:07 [main] INFO  com.zaxxer.hikari.HikariDataSource - master - Start completed.
2025-12-25 09:22:07 [main] INFO  c.b.d.d.DynamicRoutingDataSource - dynamic-datasource - add a datasource named [master] success
2025-12-25 09:22:07 [main] INFO  c.b.d.d.DynamicRoutingDataSource - dynamic-datasource initial loaded [1] datasource,primary datasource named [master]
2025-12-25 09:22:14 [main] INFO  o.d.common.redis.config.RedisConfig - 初始化 redis 配置
2025-12-25 09:22:14 [main] INFO  org.redisson.Version - Redisson 3.51.0
2025-12-25 09:22:15 [redisson-netty-1-4] INFO  o.r.connection.ConnectionsHolder - 1 connections initialized for 127.0.0.1/127.0.0.1:6379
2025-12-25 09:22:15 [redisson-netty-1-3] INFO  o.r.connection.ConnectionsHolder - 8 connections initialized for 127.0.0.1/127.0.0.1:6379
2025-12-25 09:22:18 [main] INFO  o.d.common.json.config.JacksonConfig - 初始化 jackson 配置
2025-12-25 09:22:19 [main] INFO  c.b.m.e.s.MybatisPlusApplicationContextAware - Register ApplicationContext instances org.springframework.boot.web.servlet.context.AnnotationConfigServletWebServerApplicationContext@41beb473
2025-12-25 09:22:23 [main] INFO  o.d.w.p.modes.sb.config.BeanConfig - 【warm-flow】，加载完成
2025-12-25 09:22:25 [main] INFO  io.undertow - starting server: Undertow - 2.3.20.Final
2025-12-25 09:22:25 [main] INFO  org.xnio - XNIO version 3.8.16.Final
2025-12-25 09:22:25 [main] INFO  org.xnio.nio - XNIO NIO Implementation Version 3.8.16.Final
2025-12-25 09:22:25 [main] INFO  org.jboss.threads - JBoss Threads version 3.7.0.Final
2025-12-25 09:22:25 [main] INFO  org.dromara.DromaraApplication - Started DromaraApplication in 30.854 seconds (process running for 31.391)
2025-12-25 09:22:25 [main] INFO  o.d.c.sse.listener.SseTopicListener - 初始化SSE主题订阅监听器成功
2025-12-25 09:22:26 [main] INFO  o.d.s.runner.SystemApplicationRunner - 初始化OSS配置成功
2025-12-25 09:22:58 [XNIO-1 task-2] INFO  io.undertow.servlet - Initializing Spring DispatcherServlet 'dispatcherServlet'
2025-12-25 09:22:58 [XNIO-1 task-2] INFO  o.d.c.w.i.PlusWebInvokeTimeInterceptor - [PLUS]开始请求 => URL[GET /system/user/getInfo],无参数
2025-12-25 09:22:59 [XNIO-1 task-2] INFO  o.d.c.w.i.PlusWebInvokeTimeInterceptor - [PLUS]结束请求 => URL[GET /system/user/getInfo],耗时:[848]毫秒
2025-12-25 09:22:59 [XNIO-1 task-2] INFO  o.d.c.w.i.PlusWebInvokeTimeInterceptor - [PLUS]开始请求 => URL[GET /system/menu/getRouters],无参数
2025-12-25 09:22:59 [XNIO-1 task-2] INFO  o.d.c.w.i.PlusWebInvokeTimeInterceptor - [PLUS]结束请求 => URL[GET /system/menu/getRouters],耗时:[141]毫秒
2025-12-25 09:23:00 [XNIO-1 task-2] INFO  o.d.c.w.i.PlusWebInvokeTimeInterceptor - [PLUS]开始请求 => URL[GET /auth/tenant/list],无参数
2025-12-25 09:23:00 [XNIO-1 task-3] INFO  o.d.c.w.i.PlusWebInvokeTimeInterceptor - [PLUS]开始请求 => URL[GET /resource/sse],参数类型[param],参数:[{"Authorization":["Bearer eyJ0eXAiOiJKV1QiLCJhbGciOiJIUzI1NiJ9.eyJsb2dpblR5cGUiOiJsb2dpbiIsImxvZ2luSWQiOiJzeXNfdXNlcjoxIiwicm5TdHIiOiJaMjBad1Z4Mm1CTUhRZEtqOWNaMGVJbmVaYWxaRXBVdiIsImNsaWVudGlkIjoiZTVjZDdlNDg5MWJmOTVkMWQxOTIwNmNlMjRhN2IzMmUiLCJ0ZW5hbnRJZCI6IjAwMDAwMCIsInVzZXJJZCI6MSwidXNlck5hbWUiOiJhZG1pbiIsImRlcHRJZCI6MTAzLCJkZXB0TmFtZSI6IueglOWPkemDqOmXqCIsImRlcHRDYXRlZ29yeSI6IiJ9.ZekMtKG8ja-mNI2JRcztMJeNeEN3I7mOmh9GF9ReklM"],"clientid":["e5cd7e4891bf95d1d19206ce24a7b32e"]}]
2025-12-25 09:23:00 [XNIO-1 task-2] INFO  o.d.c.r.aspectj.RateLimiterAspect - 限制令牌 => 20, 剩余令牌 => 19, 缓存key => 'global:rate_limit:/auth/tenant/list:0:0:0:0:0:0:0:1:'
2025-12-25 09:23:00 [XNIO-1 task-2] INFO  o.d.c.w.i.PlusWebInvokeTimeInterceptor - [PLUS]结束请求 => URL[GET /auth/tenant/list],耗时:[58]毫秒
2025-12-25 09:23:02 [XNIO-1 task-2] INFO  o.d.c.w.i.PlusWebInvokeTimeInterceptor - [PLUS]开始请求 => URL[GET /monitor/online/list],参数类型[param],参数:[{"pageSize":["10"],"pageNum":["1"]}]
2025-12-25 09:23:02 [XNIO-1 task-3] INFO  o.d.c.w.i.PlusWebInvokeTimeInterceptor - [PLUS]开始请求 => URL[GET /system/dict/data/type/sys_device_type],无参数
2025-12-25 09:23:02 [XNIO-1 task-3] INFO  o.d.c.w.i.PlusWebInvokeTimeInterceptor - [PLUS]结束请求 => URL[GET /system/dict/data/type/sys_device_type],耗时:[59]毫秒
2025-12-25 09:23:02 [XNIO-1 task-2] INFO  o.d.c.w.i.PlusWebInvokeTimeInterceptor - [PLUS]结束请求 => URL[GET /monitor/online/list],耗时:[70]毫秒
2025-12-25 09:23:03 [XNIO-1 task-2] INFO  o.d.c.w.i.PlusWebInvokeTimeInterceptor - [PLUS]开始请求 => URL[GET /monitor/cache],无参数
2025-12-25 09:23:03 [XNIO-1 task-2] INFO  o.d.c.w.i.PlusWebInvokeTimeInterceptor - [PLUS]结束请求 => URL[GET /monitor/cache],耗时:[56]毫秒
2025-12-25 09:23:25 [XNIO-1 task-2] INFO  o.d.c.w.i.PlusWebInvokeTimeInterceptor - [PLUS]开始请求 => URL[GET /system/tenant/list],参数类型[param],参数:[{"pageSize":["10"],"pageNum":["1"]}]
2025-12-25 09:23:25 [XNIO-1 task-2] INFO  o.d.c.w.i.PlusWebInvokeTimeInterceptor - [PLUS]结束请求 => URL[GET /system/tenant/list],耗时:[61]毫秒
2025-12-25 09:23:27 [XNIO-1 task-2] INFO  o.d.c.w.i.PlusWebInvokeTimeInterceptor - [PLUS]开始请求 => URL[GET /system/tenant/package/list],参数类型[param],参数:[{"pageSize":["10"],"pageNum":["1"]}]
2025-12-25 09:23:27 [XNIO-1 task-2] INFO  o.d.c.w.i.PlusWebInvokeTimeInterceptor - [PLUS]结束请求 => URL[GET /system/tenant/package/list],耗时:[37]毫秒
2025-12-25 09:23:30 [XNIO-1 task-2] INFO  o.d.c.w.i.PlusWebInvokeTimeInterceptor - [PLUS]开始请求 => URL[GET /system/dict/data/type/sys_normal_disable],无参数
2025-12-25 09:23:30 [XNIO-1 task-3] INFO  o.d.c.w.i.PlusWebInvokeTimeInterceptor - [PLUS]开始请求 => URL[GET /system/dict/data/type/sys_user_sex],无参数
2025-12-25 09:23:30 [XNIO-1 task-2] INFO  o.d.c.w.i.PlusWebInvokeTimeInterceptor - [PLUS]结束请求 => URL[GET /system/dict/data/type/sys_normal_disable],耗时:[4]毫秒
2025-12-25 09:23:30 [XNIO-1 task-3] INFO  o.d.c.w.i.PlusWebInvokeTimeInterceptor - [PLUS]结束请求 => URL[GET /system/dict/data/type/sys_user_sex],耗时:[4]毫秒
2025-12-25 09:23:30 [XNIO-1 task-2] INFO  o.d.c.w.i.PlusWebInvokeTimeInterceptor - [PLUS]开始请求 => URL[GET /system/user/list],参数类型[param],参数:[{"pageSize":["10"],"pageNum":["1"]}]
2025-12-25 09:23:30 [XNIO-1 task-3] INFO  o.d.c.w.i.PlusWebInvokeTimeInterceptor - [PLUS]开始请求 => URL[GET /system/user/deptTree],无参数
2025-12-25 09:23:30 [XNIO-1 task-4] INFO  o.d.c.w.i.PlusWebInvokeTimeInterceptor - [PLUS]开始请求 => URL[GET /system/config/configKey/sys.user.initPassword],无参数
2025-12-25 09:23:30 [XNIO-1 task-4] INFO  o.d.c.w.i.PlusWebInvokeTimeInterceptor - [PLUS]结束请求 => URL[GET /system/config/configKey/sys.user.initPassword],耗时:[54]毫秒
2025-12-25 09:23:30 [XNIO-1 task-2] INFO  o.d.c.w.i.PlusWebInvokeTimeInterceptor - [PLUS]结束请求 => URL[GET /system/user/list],耗时:[125]毫秒
2025-12-25 09:23:30 [XNIO-1 task-3] INFO  o.d.c.w.i.PlusWebInvokeTimeInterceptor - [PLUS]结束请求 => URL[GET /system/user/deptTree],耗时:[205]毫秒
2025-12-25 09:23:33 [XNIO-1 task-3] INFO  o.d.c.w.i.PlusWebInvokeTimeInterceptor - [PLUS]开始请求 => URL[GET /system/role/list],参数类型[param],参数:[{"pageSize":["10"],"pageNum":["1"]}]
2025-12-25 09:23:33 [XNIO-1 task-3] INFO  o.d.c.w.i.PlusWebInvokeTimeInterceptor - [PLUS]结束请求 => URL[GET /system/role/list],耗时:[92]毫秒
2025-12-25 09:23:35 [XNIO-1 task-3] INFO  o.d.c.w.i.PlusWebInvokeTimeInterceptor - [PLUS]开始请求 => URL[GET /system/dict/data/type/sys_show_hide],无参数
2025-12-25 09:23:35 [XNIO-1 task-2] INFO  o.d.c.w.i.PlusWebInvokeTimeInterceptor - [PLUS]开始请求 => URL[GET /system/menu/list],无参数
2025-12-25 09:23:35 [XNIO-1 task-3] INFO  o.d.c.w.i.PlusWebInvokeTimeInterceptor - [PLUS]结束请求 => URL[GET /system/dict/data/type/sys_show_hide],耗时:[3]毫秒
2025-12-25 09:23:35 [XNIO-1 task-2] INFO  o.d.c.w.i.PlusWebInvokeTimeInterceptor - [PLUS]结束请求 => URL[GET /system/menu/list],耗时:[72]毫秒
2025-12-25 09:28:17 [background-preinit] INFO  o.h.validator.internal.util.Version - HV000001: Hibernate Validator 8.0.3.Final
2025-12-25 09:28:17 [main] INFO  org.dromara.DromaraApplication - Starting DromaraApplication using Java 24.0.2 with PID 16592 (D:\test\ruoyi\RuoYi-Vue-Plus-v5.5.1\ruoyi-admin\target\classes started by dmx in D:\test\ruoyi)
2025-12-25 09:28:17 [main] INFO  org.dromara.DromaraApplication - The following 1 profile is active: "dev"
2025-12-25 09:28:22 [main] INFO  io.undertow.servlet - Initializing Spring embedded WebApplicationContext
2025-12-25 09:28:23 [main] INFO  c.b.d.d.DynamicRoutingDataSource - dynamic-datasource detect P6SPY plugin and enabled it
2025-12-25 09:28:23 [main] INFO  com.zaxxer.hikari.HikariDataSource - master - Starting...
2025-12-25 09:28:23 [main] INFO  com.zaxxer.hikari.pool.HikariPool - master - Added connection com.mysql.cj.jdbc.ConnectionImpl@3f7f9d3f
2025-12-25 09:28:23 [main] INFO  com.zaxxer.hikari.HikariDataSource - master - Start completed.
2025-12-25 09:28:23 [main] INFO  c.b.d.d.DynamicRoutingDataSource - dynamic-datasource - add a datasource named [master] success
2025-12-25 09:28:23 [main] INFO  c.b.d.d.DynamicRoutingDataSource - dynamic-datasource initial loaded [1] datasource,primary datasource named [master]
2025-12-25 09:28:26 [main] INFO  o.d.common.redis.config.RedisConfig - 初始化 redis 配置
2025-12-25 09:28:26 [main] INFO  org.redisson.Version - Redisson 3.51.0
2025-12-25 09:28:26 [redisson-netty-1-4] INFO  o.r.connection.ConnectionsHolder - 1 connections initialized for 127.0.0.1/127.0.0.1:6379
2025-12-25 09:28:26 [redisson-netty-1-3] INFO  o.r.connection.ConnectionsHolder - 8 connections initialized for 127.0.0.1/127.0.0.1:6379
2025-12-25 09:28:28 [main] INFO  c.a.s.c.j.c.e.b.AbstractScriptExecutor$SnailFileUtils - [FileUtils] [workspace] use user.home as workspace: C:\Users\dmx/snailJob/worker
2025-12-25 09:28:28 [main] INFO  c.a.s.c.j.c.e.b.AbstractScriptExecutor$SnailFileUtils - [FileUtils] [workspace] use user.home as workspace: C:\Users\dmx/snailJob/worker
2025-12-25 09:28:28 [main] INFO  c.a.s.c.j.c.e.b.AbstractScriptExecutor$SnailFileUtils - [FileUtils] [workspace] use user.home as workspace: C:\Users\dmx/snailJob/worker
2025-12-25 09:28:30 [main] INFO  o.d.common.json.config.JacksonConfig - 初始化 jackson 配置
2025-12-25 09:28:30 [main] INFO  c.a.s.c.s.SnailJobClientJobCoreAutoConfiguration - Snail-Job 客户端IP为: 172.31.48.1
2025-12-25 09:28:30 [main] INFO  c.b.m.e.s.MybatisPlusApplicationContextAware - Register ApplicationContext instances org.springframework.boot.web.servlet.context.AnnotationConfigServletWebServerApplicationContext@41beb473
2025-12-25 09:28:36 [main] INFO  o.d.w.p.modes.sb.config.BeanConfig - 【warm-flow】，加载完成
2025-12-25 09:28:36 [main] INFO  io.undertow - starting server: Undertow - 2.3.20.Final
2025-12-25 09:28:36 [main] INFO  org.xnio - XNIO version 3.8.16.Final
2025-12-25 09:28:36 [main] INFO  org.xnio.nio - XNIO NIO Implementation Version 3.8.16.Final
2025-12-25 09:28:36 [main] INFO  org.jboss.threads - JBoss Threads version 3.7.0.Final
2025-12-25 09:28:36 [main] INFO  org.dromara.DromaraApplication - Started DromaraApplication in 20.42 seconds (process running for 21.032)
2025-12-25 09:28:36 [main] INFO  o.d.c.sse.listener.SseTopicListener - 初始化SSE主题订阅监听器成功
2025-12-25 09:28:37 [main] INFO  o.d.s.runner.SystemApplicationRunner - 初始化OSS配置成功
2025-12-25 09:28:37 [main] INFO  c.a.s.c.c.init.SnailJobStartListener - snail-job client is preparing to start... v1.8.0
2025-12-25 09:28:37 [main] INFO  c.a.s.c.c.r.c.g.SnailJobGrpcClient - gRPC client started connect to server
2025-12-25 09:28:37 [main] INFO  c.a.s.c.c.rpc.server.SnailGrpcServer - ------> snail-job remoting server start success, grpc = com.aizuda.snailjob.client.common.rpc.server.SnailGrpcServer, port = 28080
2025-12-25 09:28:38 [main] INFO  c.a.s.c.c.init.SnailJobStartListener - snail-job client started successfully v1.8.0
2025-12-25 09:42:28 [snail-job-grpc-server-executor-0] INFO  c.a.s.c.c.rpc.server.GrpcInterceptor - method invoked: UnaryRequest/unaryRequest cast:4ms
2025-12-25 09:42:28 [snail-grpc-server-1] INFO  c.a.s.c.job.core.client.JobEndPoint -  Task scheduler:[job] Task ID:[1] Task batch:[1] Workflow batch:[null] Task scheduled successfully.
2025-12-25 09:42:28 [snail-job-job-1-1] INFO  o.d.job.snailjob.TestAnnoJobExecutor - testJobExecutor. jobArgs:{"executorInfo":"testJobExecutor","taskBatchId":1,"jobId":1,"wfContext":{},"changeWfContext":{}}
2025-12-25 09:42:28 [snail-job-job-1-1] INFO  o.d.job.snailjob.TestAnnoJobExecutor - testJobExecutor. jobArgs:{"executorInfo":"testJobExecutor","taskBatchId":1,"jobId":1,"wfContext":{},"changeWfContext":{}}
2025-12-25 09:42:28 [snail-job-job-1-1] INFO  c.a.s.c.j.c.e.JobExecutorFutureCallback - Task executed successfully taskBatchId:[1] [{"status":1,"result":"测试成功","message":"Task executed successfully"}]
2025-12-25 09:42:33 [snail-job-grpc-client-executor-127.0.0.1-100] INFO  c.a.s.c.c.l.report.ReportLogListener - Data report log successfully requestId:[100]
2025-12-25 09:57:23 [background-preinit] INFO  o.h.validator.internal.util.Version - HV000001: Hibernate Validator 8.0.3.Final
2025-12-25 09:57:23 [main] INFO  org.dromara.DromaraApplication - Starting DromaraApplication using Java 24.0.2 with PID 31232 (D:\test\ruoyi\RuoYi-Vue-Plus-v5.5.1\ruoyi-admin\target\classes started by dmx in D:\test\ruoyi)
2025-12-25 09:57:23 [main] INFO  org.dromara.DromaraApplication - The following 1 profile is active: "dev"
2025-12-25 09:57:28 [main] INFO  io.undertow.servlet - Initializing Spring embedded WebApplicationContext
2025-12-25 09:57:29 [main] INFO  c.b.d.d.DynamicRoutingDataSource - dynamic-datasource detect P6SPY plugin and enabled it
2025-12-25 09:57:30 [main] INFO  com.zaxxer.hikari.HikariDataSource - master - Starting...
2025-12-25 09:57:30 [main] INFO  com.zaxxer.hikari.pool.HikariPool - master - Added connection com.mysql.cj.jdbc.ConnectionImpl@69374e28
2025-12-25 09:57:30 [main] INFO  com.zaxxer.hikari.HikariDataSource - master - Start completed.
2025-12-25 09:57:30 [main] INFO  c.b.d.d.DynamicRoutingDataSource - dynamic-datasource - add a datasource named [master] success
2025-12-25 09:57:30 [main] INFO  c.b.d.d.DynamicRoutingDataSource - dynamic-datasource initial loaded [1] datasource,primary datasource named [master]
2025-12-25 09:57:33 [main] INFO  o.d.common.redis.config.RedisConfig - 初始化 redis 配置
2025-12-25 09:57:33 [main] INFO  org.redisson.Version - Redisson 3.51.0
2025-12-25 09:57:33 [redisson-netty-1-4] INFO  o.r.connection.ConnectionsHolder - 1 connections initialized for 127.0.0.1/127.0.0.1:6379
2025-12-25 09:57:33 [redisson-netty-1-3] INFO  o.r.connection.ConnectionsHolder - 8 connections initialized for 127.0.0.1/127.0.0.1:6379
2025-12-25 09:57:35 [main] INFO  c.a.s.c.j.c.e.b.AbstractScriptExecutor$SnailFileUtils - [FileUtils] [workspace] use user.home as workspace: C:\Users\dmx/snailJob/worker
2025-12-25 09:57:35 [main] INFO  c.a.s.c.j.c.e.b.AbstractScriptExecutor$SnailFileUtils - [FileUtils] [workspace] use user.home as workspace: C:\Users\dmx/snailJob/worker
2025-12-25 09:57:35 [main] INFO  c.a.s.c.j.c.e.b.AbstractScriptExecutor$SnailFileUtils - [FileUtils] [workspace] use user.home as workspace: C:\Users\dmx/snailJob/worker
2025-12-25 09:57:35 [main] INFO  o.d.common.json.config.JacksonConfig - 初始化 jackson 配置
2025-12-25 09:57:36 [main] INFO  c.a.s.c.s.SnailJobClientJobCoreAutoConfiguration - Snail-Job 客户端IP为: 172.31.48.1
2025-12-25 09:57:36 [main] INFO  c.b.m.e.s.MybatisPlusApplicationContextAware - Register ApplicationContext instances org.springframework.boot.web.servlet.context.AnnotationConfigServletWebServerApplicationContext@42a9a63e
2025-12-25 09:57:39 [main] INFO  o.d.w.p.modes.sb.config.BeanConfig - 【warm-flow】，加载完成
2025-12-25 09:57:40 [main] INFO  io.undertow - starting server: Undertow - 2.3.20.Final
2025-12-25 09:57:40 [main] INFO  org.xnio - XNIO version 3.8.16.Final
2025-12-25 09:57:40 [main] INFO  org.xnio.nio - XNIO NIO Implementation Version 3.8.16.Final
2025-12-25 09:57:40 [main] INFO  org.jboss.threads - JBoss Threads version 3.7.0.Final
2025-12-25 09:57:40 [main] INFO  org.dromara.DromaraApplication - Started DromaraApplication in 18.165 seconds (process running for 18.782)
2025-12-25 09:57:40 [main] INFO  o.d.c.sse.listener.SseTopicListener - 初始化SSE主题订阅监听器成功
2025-12-25 09:57:41 [main] INFO  o.d.s.runner.SystemApplicationRunner - 初始化OSS配置成功
2025-12-25 09:57:41 [main] INFO  c.a.s.c.c.init.SnailJobStartListener - snail-job client is preparing to start... v1.8.0
2025-12-25 09:57:41 [main] INFO  c.a.s.c.c.r.c.g.SnailJobGrpcClient - gRPC client started connect to server
2025-12-25 09:57:41 [main] INFO  c.a.s.c.c.rpc.server.SnailGrpcServer - ------> snail-job remoting server start success, grpc = com.aizuda.snailjob.client.common.rpc.server.SnailGrpcServer, port = 28080
2025-12-25 09:57:41 [main] INFO  c.a.s.c.c.init.SnailJobStartListener - snail-job client started successfully v1.8.0
2025-12-25 09:58:13 [snail-job-grpc-server-executor-0] INFO  c.a.s.c.c.rpc.server.GrpcInterceptor - method invoked: UnaryRequest/unaryRequest cast:3ms
2025-12-25 09:58:13 [snail-grpc-server-1] INFO  c.a.s.c.job.core.client.JobEndPoint -  Task scheduler:[job] Task ID:[1] Task batch:[10] Workflow batch:[null] Task scheduled successfully.
2025-12-25 09:58:13 [snail-job-job-10-1] INFO  o.d.job.snailjob.TestAnnoJobExecutor - testJobExecutor. jobArgs:{"executorInfo":"testJobExecutor","taskBatchId":10,"jobId":1,"wfContext":{},"changeWfContext":{}}
2025-12-25 09:58:13 [snail-job-job-10-1] INFO  o.d.job.snailjob.TestAnnoJobExecutor - testJobExecutor. jobArgs:{"executorInfo":"testJobExecutor","taskBatchId":10,"jobId":1,"wfContext":{},"changeWfContext":{}}
2025-12-25 09:58:13 [snail-job-job-10-1] INFO  c.a.s.c.j.c.e.JobExecutorFutureCallback - Task executed successfully taskBatchId:[10] [{"status":1,"result":"测试成功","message":"Task executed successfully"}]
2025-12-25 09:58:18 [snail-job-grpc-client-executor-127.0.0.1-7] INFO  c.a.s.c.c.l.report.ReportLogListener - Data report log successfully requestId:[7]
