2025-12-25 09:26:08 [background-preinit] INFO  o.h.validator.internal.util.Version - HV000001: Hibernate Validator 8.0.3.Final
2025-12-25 09:26:08 [main] INFO  o.d.s.SnailJobServerApplication - Starting SnailJobServerApplication using Java 24.0.2 with PID 12928 (D:\test\ruoyi\RuoYi-Vue-Plus-v5.5.1\ruoyi-extend\ruoyi-snailjob-server\target\classes started by dmx in D:\test\ruoyi)
2025-12-25 09:26:08 [main] INFO  o.d.s.SnailJobServerApplication - The following 1 profile is active: "dev"
2025-12-25 09:26:10 [main] INFO  o.s.b.w.e.tomcat.TomcatWebServer - Tomcat initialized with port 8800 (http)
2025-12-25 09:26:10 [main] INFO  o.a.coyote.http11.Http11NioProtocol - Initializing ProtocolHandler ["http-nio-8800"]
2025-12-25 09:26:10 [main] INFO  o.a.catalina.core.StandardService - Starting service [Tomcat]
2025-12-25 09:26:10 [main] INFO  o.a.catalina.core.StandardEngine - Starting Servlet engine: [Apache Tomcat/10.1.48]
2025-12-25 09:26:10 [main] INFO  o.a.c.c.C.[.[localhost].[/snail-job] - Initializing Spring embedded WebApplicationContext
2025-12-25 09:26:10 [main] INFO  o.s.b.w.s.c.ServletWebServerApplicationContext - Root WebApplicationContext: initialization completed in 2039 ms
2025-12-25 09:26:13 [main] INFO  o.s.b.a.w.s.WelcomePageHandlerMapping - Adding welcome page: class path resource [admin/index.html]
2025-12-25 09:26:14 [COMMON_ACTOR_SYSTEM-pekko.actor.default-dispatcher-5] INFO  o.a.pekko.event.slf4j.Slf4jLogger - Slf4jLogger started
2025-12-25 09:26:14 [NETTY_ACTOR_SYSTEM-pekko.actor.default-dispatcher-4] INFO  o.a.pekko.event.slf4j.Slf4jLogger - Slf4jLogger started
2025-12-25 09:26:14 [RETRY_ACTOR_SYSTEM-pekko.actor.default-dispatcher-5] INFO  o.a.pekko.event.slf4j.Slf4jLogger - Slf4jLogger started
2025-12-25 09:26:14 [JOB_ACTOR_SYSTEM-pekko.actor.default-dispatcher-4] INFO  o.a.pekko.event.slf4j.Slf4jLogger - Slf4jLogger started
2025-12-25 09:26:14 [main] INFO  c.b.m.e.s.MybatisPlusApplicationContextAware - Register ApplicationContext instances org.springframework.boot.web.servlet.context.AnnotationConfigServletWebServerApplicationContext@1623134f
2025-12-25 09:26:15 [main] INFO  o.s.b.a.e.web.EndpointLinksResolver - Exposing 14 endpoints beneath base path '/actuator'
2025-12-25 09:26:15 [main] INFO  o.a.coyote.http11.Http11NioProtocol - Starting ProtocolHandler ["http-nio-8800"]
2025-12-25 09:26:15 [main] INFO  o.s.b.w.e.tomcat.TomcatWebServer - Tomcat started on port 8800 (http) with context path '/snail-job'
2025-12-25 09:26:15 [main] INFO  c.a.s.s.s.listener.StartListener - snail-job server is preparing to start... v1.8.0
2025-12-25 09:26:15 [main] INFO  c.a.s.s.common.cache.CacheLockRecord - CacheLockRecord start
2025-12-25 09:26:15 [main] INFO  c.a.s.s.c.rpc.server.grpc.GrpcServer - ------> snail-job remoting server start success, grpc = com.aizuda.snailjob.server.common.rpc.server.grpc.GrpcServer, port = 17888
2025-12-25 09:26:15 [main] INFO  c.a.s.s.c.register.ServerRegister - ServerRegister start
2025-12-25 09:26:15 [main] INFO  c.a.s.s.c.cache.CacheConsumerGroup - CacheRegisterTable start
2025-12-25 09:26:15 [main] INFO  c.a.s.s.c.cache.CacheGroupScanActor - CacheGroupScanActor start
2025-12-25 09:26:15 [main] INFO  c.a.s.s.c.c.CacheNotifyRateLimiter - CacheNotifyRateLimiter start
2025-12-25 09:26:15 [main] INFO  c.a.s.server.common.cache.CacheToken - CacheToken start
2025-12-25 09:26:15 [main] INFO  c.a.s.s.c.handler.ServerNodeBalance - ServerNodeBalance start
2025-12-25 09:26:15 [main] INFO  c.a.s.s.j.t.s.a.l.JobTaskFailAlarmListener - JobTaskFailAlarmListener started
2025-12-25 09:26:15 [main] INFO  c.a.s.s.j.t.s.a.l.WorkflowTaskFailAlarmListener - WorkflowTaskFailAlarmListener started
2025-12-25 09:26:15 [main] INFO  c.a.s.s.r.t.s.c.CacheGroupRateLimiter - CacheGroupRateLimiter start
2025-12-25 09:26:15 [main] INFO  c.a.s.s.r.t.s.l.RetryTaskFailAlarmListener - RetryTaskFailAlarmListener started
2025-12-25 09:26:15 [main] INFO  c.a.s.s.r.t.s.l.RetryTaskFailDeadLetterAlarmListener - RetryTaskFailDeadLetterAlarmListener started
2025-12-25 09:26:15 [main] INFO  c.a.s.s.s.listener.StartListener - snail-job server started successfully v1.8.0
2025-12-25 09:26:15 [main] INFO  o.d.s.SnailJobServerApplication - Started SnailJobServerApplication in 7.721 seconds (process running for 8.183)
2025-12-25 09:26:15 [snail-job-scheduled-thread-3] INFO  com.zaxxer.hikari.HikariDataSource - HikariPool-1 - Starting...
2025-12-25 09:26:17 [server-register-node] INFO  com.zaxxer.hikari.HikariDataSource - HikariPool-1 - Starting...
2025-12-25 09:26:18 [snail-job-scheduled-thread-1] INFO  com.zaxxer.hikari.HikariDataSource - HikariPool-1 - Starting...
2025-12-25 09:26:19 [snail-job-scheduled-thread-2] INFO  com.zaxxer.hikari.HikariDataSource - HikariPool-1 - Starting...
2025-12-25 09:26:20 [snail-job-scheduled-thread-4] INFO  com.zaxxer.hikari.HikariDataSource - HikariPool-1 - Starting...
2025-12-25 09:26:21 [http-nio-8800-exec-3] INFO  o.a.c.c.C.[.[localhost].[/snail-job] - Initializing Spring DispatcherServlet 'dispatcherServlet'
2025-12-25 09:26:21 [http-nio-8800-exec-3] INFO  o.s.web.servlet.DispatcherServlet - Initializing Servlet 'dispatcherServlet'
2025-12-25 09:26:21 [http-nio-8800-exec-3] INFO  o.s.web.servlet.DispatcherServlet - Completed initialization in 0 ms
2025-12-25 09:26:21 [snail-job-scheduled-thread-2] INFO  com.zaxxer.hikari.HikariDataSource - HikariPool-1 - Starting...
2025-12-25 09:26:22 [snail-job-scheduled-thread-1] INFO  com.zaxxer.hikari.HikariDataSource - HikariPool-1 - Starting...
2025-12-25 09:26:23 [snail-job-scheduled-thread-3] INFO  com.zaxxer.hikari.HikariDataSource - HikariPool-1 - Starting...
2025-12-25 09:26:24 [snail-job-scheduled-thread-1] INFO  com.zaxxer.hikari.HikariDataSource - HikariPool-1 - Starting...
2025-12-25 09:26:26 [snail-job-scheduled-thread-2] INFO  com.zaxxer.hikari.HikariDataSource - HikariPool-1 - Starting...
2025-12-25 09:26:27 [snail-job-scheduled-thread-4] INFO  com.zaxxer.hikari.HikariDataSource - HikariPool-1 - Starting...
2025-12-25 09:26:28 [http-nio-8800-exec-3] INFO  com.zaxxer.hikari.HikariDataSource - HikariPool-1 - Starting...
2025-12-25 09:26:29 [snail-job-scheduled-thread-1] INFO  com.zaxxer.hikari.HikariDataSource - HikariPool-1 - Starting...
2025-12-25 09:26:30 [server-node-balance] INFO  com.zaxxer.hikari.HikariDataSource - HikariPool-1 - Starting...
2025-12-25 09:26:31 [snail-job-scheduled-thread-3] INFO  com.zaxxer.hikari.HikariDataSource - HikariPool-1 - Starting...
2025-12-25 09:26:35 [snail-job-scheduled-thread-1] INFO  com.zaxxer.hikari.HikariDataSource - HikariPool-1 - Starting...
2025-12-25 09:26:36 [server-register-node] INFO  com.zaxxer.hikari.HikariDataSource - HikariPool-1 - Starting...
2025-12-25 09:26:37 [snail-job-scheduled-thread-4] INFO  com.zaxxer.hikari.HikariDataSource - HikariPool-1 - Starting...
2025-12-25 09:26:41 [server-node-balance] INFO  com.zaxxer.hikari.HikariDataSource - HikariPool-1 - Starting...
2025-12-25 09:26:42 [snail-job-scheduled-thread-2] INFO  com.zaxxer.hikari.HikariDataSource - HikariPool-1 - Starting...
2025-12-25 09:26:43 [snail-job-scheduled-thread-3] INFO  com.zaxxer.hikari.HikariDataSource - HikariPool-1 - Starting...
2025-12-25 09:26:48 [snail-job-scheduled-thread-1] INFO  com.zaxxer.hikari.HikariDataSource - HikariPool-1 - Starting...
2025-12-25 09:26:49 [snail-job-scheduled-thread-4] INFO  com.zaxxer.hikari.HikariDataSource - HikariPool-1 - Starting...
2025-12-25 09:26:52 [server-node-balance] INFO  com.zaxxer.hikari.HikariDataSource - HikariPool-1 - Starting...
2025-12-25 09:26:54 [snail-job-scheduled-thread-2] INFO  com.zaxxer.hikari.HikariDataSource - HikariPool-1 - Starting...
2025-12-25 09:26:55 [snail-job-scheduled-thread-3] INFO  com.zaxxer.hikari.HikariDataSource - HikariPool-1 - Starting...
2025-12-25 09:26:56 [server-register-node] INFO  com.zaxxer.hikari.HikariDataSource - HikariPool-1 - Starting...
2025-12-25 09:27:00 [snail-job-scheduled-thread-1] INFO  com.zaxxer.hikari.HikariDataSource - HikariPool-1 - Starting...
2025-12-25 09:27:01 [snail-job-scheduled-thread-4] INFO  com.zaxxer.hikari.HikariDataSource - HikariPool-1 - Starting...
2025-12-25 09:27:03 [server-node-balance] INFO  com.zaxxer.hikari.HikariDataSource - HikariPool-1 - Starting...
2025-12-25 09:27:06 [snail-job-scheduled-thread-1] INFO  com.zaxxer.hikari.HikariDataSource - HikariPool-1 - Starting...
2025-12-25 09:27:07 [snail-job-scheduled-thread-2] INFO  com.zaxxer.hikari.HikariDataSource - HikariPool-1 - Starting...
2025-12-25 09:27:12 [snail-job-scheduled-thread-1] INFO  com.zaxxer.hikari.HikariDataSource - HikariPool-1 - Starting...
2025-12-25 09:27:13 [snail-job-scheduled-thread-1] INFO  com.zaxxer.hikari.HikariDataSource - HikariPool-1 - Starting...
2025-12-25 09:27:14 [server-node-balance] INFO  com.zaxxer.hikari.HikariDataSource - HikariPool-1 - Starting...
2025-12-25 09:27:15 [snail-job-scheduled-thread-4] INFO  com.zaxxer.hikari.HikariDataSource - HikariPool-1 - Starting...
2025-12-25 09:27:16 [server-register-node] INFO  com.zaxxer.hikari.HikariDataSource - HikariPool-1 - Starting...
2025-12-25 09:27:17 [snail-job-scheduled-thread-3] INFO  com.zaxxer.hikari.HikariDataSource - HikariPool-1 - Starting...
2025-12-25 09:27:18 [snail-job-scheduled-thread-1] INFO  com.zaxxer.hikari.HikariDataSource - HikariPool-1 - Starting...
2025-12-25 09:27:19 [snail-job-scheduled-thread-2] INFO  com.zaxxer.hikari.HikariDataSource - HikariPool-1 - Starting...
2025-12-25 09:27:20 [snail-job-scheduled-thread-3] INFO  com.zaxxer.hikari.HikariDataSource - HikariPool-1 - Starting...
2025-12-25 09:27:21 [snail-job-scheduled-thread-4] INFO  com.zaxxer.hikari.HikariDataSource - HikariPool-1 - Starting...
2025-12-25 09:27:25 [server-node-balance] INFO  com.zaxxer.hikari.HikariDataSource - HikariPool-1 - Starting...
2025-12-25 09:27:26 [snail-job-scheduled-thread-3] INFO  com.zaxxer.hikari.HikariDataSource - HikariPool-1 - Starting...
2025-12-25 09:27:27 [snail-job-scheduled-thread-2] INFO  com.zaxxer.hikari.HikariDataSource - HikariPool-1 - Starting...
2025-12-25 09:27:30 [http-nio-8800-exec-7] INFO  com.zaxxer.hikari.HikariDataSource - HikariPool-1 - Starting...
2025-12-25 09:27:32 [snail-job-scheduled-thread-1] INFO  com.zaxxer.hikari.HikariDataSource - HikariPool-1 - Starting...
2025-12-25 09:27:33 [snail-job-scheduled-thread-4] INFO  com.zaxxer.hikari.HikariDataSource - HikariPool-1 - Starting...
2025-12-25 09:27:35 [server-register-node] INFO  com.zaxxer.hikari.HikariDataSource - HikariPool-1 - Starting...
2025-12-25 09:27:36 [server-node-balance] INFO  com.zaxxer.hikari.HikariDataSource - HikariPool-1 - Starting...
2025-12-25 09:27:38 [snail-job-scheduled-thread-2] INFO  com.zaxxer.hikari.HikariDataSource - HikariPool-1 - Starting...
2025-12-25 09:27:39 [snail-job-scheduled-thread-3] INFO  com.zaxxer.hikari.HikariDataSource - HikariPool-1 - Starting...
2025-12-25 09:27:44 [snail-job-scheduled-thread-1] INFO  com.zaxxer.hikari.HikariDataSource - HikariPool-1 - Starting...
2025-12-25 09:27:45 [snail-job-scheduled-thread-1] INFO  com.zaxxer.hikari.HikariDataSource - HikariPool-1 - Starting...
2025-12-25 09:27:47 [server-node-balance] INFO  com.zaxxer.hikari.HikariDataSource - HikariPool-1 - Starting...
2025-12-25 09:27:50 [snail-job-scheduled-thread-4] INFO  com.zaxxer.hikari.HikariDataSource - HikariPool-1 - Starting...
2025-12-25 09:27:51 [snail-job-scheduled-thread-2] INFO  com.zaxxer.hikari.HikariDataSource - HikariPool-1 - Starting...
2025-12-25 09:27:55 [server-register-node] INFO  com.zaxxer.hikari.HikariDataSource - HikariPool-1 - Starting...
2025-12-25 09:27:56 [snail-job-scheduled-thread-4] INFO  com.zaxxer.hikari.HikariDataSource - HikariPool-1 - Starting...
2025-12-25 09:27:57 [snail-job-scheduled-thread-3] INFO  com.zaxxer.hikari.HikariDataSource - HikariPool-1 - Starting...
2025-12-25 09:27:58 [server-node-balance] INFO  com.zaxxer.hikari.HikariDataSource - HikariPool-1 - Starting...
2025-12-25 09:28:02 [snail-job-scheduled-thread-4] INFO  com.zaxxer.hikari.HikariDataSource - HikariPool-1 - Starting...
2025-12-25 09:28:03 [snail-job-scheduled-thread-1] INFO  com.zaxxer.hikari.HikariDataSource - HikariPool-1 - Starting...
2025-12-25 09:28:08 [snail-job-scheduled-thread-4] INFO  com.zaxxer.hikari.HikariDataSource - HikariPool-1 - Starting...
2025-12-25 09:28:09 [server-node-balance] INFO  com.zaxxer.hikari.HikariDataSource - HikariPool-1 - Starting...
2025-12-25 09:28:10 [snail-job-scheduled-thread-4] INFO  com.zaxxer.hikari.HikariDataSource - HikariPool-1 - Starting...
2025-12-25 09:28:14 [snail-job-scheduled-thread-2] INFO  com.zaxxer.hikari.HikariDataSource - HikariPool-1 - Starting...
2025-12-25 09:28:15 [snail-job-scheduled-thread-3] INFO  com.zaxxer.hikari.HikariDataSource - HikariPool-1 - Starting...
2025-12-25 09:28:16 [snail-job-scheduled-thread-4] INFO  com.zaxxer.hikari.HikariDataSource - HikariPool-1 - Starting...
2025-12-25 09:28:18 [snail-job-scheduled-thread-1] INFO  com.zaxxer.hikari.HikariDataSource - HikariPool-1 - Starting...
2025-12-25 09:28:19 [server-register-node] INFO  com.zaxxer.hikari.HikariDataSource - HikariPool-1 - Starting...
2025-12-25 09:28:20 [snail-job-scheduled-thread-3] INFO  com.zaxxer.hikari.HikariDataSource - HikariPool-1 - Starting...
2025-12-25 09:28:21 [snail-job-scheduled-thread-2] INFO  com.zaxxer.hikari.HikariDataSource - HikariPool-1 - Starting...
2025-12-25 09:28:22 [server-node-balance] INFO  com.zaxxer.hikari.HikariDataSource - HikariPool-1 - Starting...
2025-12-25 09:28:23 [snail-job-scheduled-thread-4] INFO  com.zaxxer.hikari.HikariDataSource - HikariPool-1 - Starting...
2025-12-25 09:28:26 [snail-job-scheduled-thread-3] INFO  com.zaxxer.hikari.HikariDataSource - HikariPool-1 - Starting...
2025-12-25 09:28:27 [http-nio-8800-exec-2] INFO  com.zaxxer.hikari.HikariDataSource - HikariPool-1 - Starting...
2025-12-25 09:28:29 [snail-job-scheduled-thread-1] INFO  com.zaxxer.hikari.HikariDataSource - HikariPool-1 - Starting...
2025-12-25 09:28:30 [http-nio-8800-exec-5] INFO  com.zaxxer.hikari.HikariDataSource - HikariPool-1 - Starting...
2025-12-25 09:28:31 [http-nio-8800-exec-1] INFO  com.zaxxer.hikari.HikariDataSource - HikariPool-1 - Starting...
2025-12-25 09:28:32 [snail-job-scheduled-thread-2] INFO  com.zaxxer.hikari.HikariDataSource - HikariPool-1 - Starting...
2025-12-25 09:28:33 [server-node-balance] INFO  com.zaxxer.hikari.HikariDataSource - HikariPool-1 - Starting...
2025-12-25 09:28:34 [http-nio-8800-exec-6] INFO  com.zaxxer.hikari.HikariDataSource - HikariPool-1 - Starting...
2025-12-25 09:28:35 [server-register-node] INFO  com.zaxxer.hikari.HikariDataSource - HikariPool-1 - Starting...
2025-12-25 09:28:36 [snail-job-scheduled-thread-4] INFO  com.zaxxer.hikari.HikariDataSource - HikariPool-1 - Starting...
2025-12-25 09:28:38 [NETTY_ACTOR_SYSTEM-pekko.actor.netty-receive-request-dispatcher-7] INFO  com.zaxxer.hikari.HikariDataSource - HikariPool-1 - Starting...
2025-12-25 09:28:39 [snail-job-scheduled-thread-3] INFO  com.zaxxer.hikari.HikariDataSource - HikariPool-1 - Starting...
2025-12-25 09:28:40 [NETTY_ACTOR_SYSTEM-pekko.actor.netty-receive-request-dispatcher-9] INFO  com.zaxxer.hikari.HikariDataSource - HikariPool-1 - Starting...
2025-12-25 09:28:41 [NETTY_ACTOR_SYSTEM-pekko.actor.netty-receive-request-dispatcher-8] INFO  com.zaxxer.hikari.HikariDataSource - HikariPool-1 - Starting...
2025-12-25 09:28:43 [snail-job-scheduled-thread-1] INFO  com.zaxxer.hikari.HikariDataSource - HikariPool-1 - Starting...
2025-12-25 09:28:44 [server-node-balance] INFO  com.zaxxer.hikari.HikariDataSource - HikariPool-1 - Starting...
2025-12-25 09:28:45 [snail-job-scheduled-thread-2] INFO  com.zaxxer.hikari.HikariDataSource - HikariPool-1 - Starting...
2025-12-25 09:28:48 [NETTY_ACTOR_SYSTEM-pekko.actor.netty-receive-request-dispatcher-10] INFO  com.zaxxer.hikari.HikariDataSource - HikariPool-1 - Starting...
2025-12-25 09:28:49 [snail-job-scheduled-thread-4] INFO  com.zaxxer.hikari.HikariDataSource - HikariPool-1 - Starting...
2025-12-25 09:28:52 [snail-job-scheduled-thread-3] INFO  com.zaxxer.hikari.HikariDataSource - HikariPool-1 - Starting...
2025-12-25 09:28:55 [snail-job-scheduled-thread-1] INFO  com.zaxxer.hikari.HikariDataSource - HikariPool-1 - Starting...
2025-12-25 09:28:56 [server-node-balance] INFO  com.zaxxer.hikari.HikariDataSource - HikariPool-1 - Starting...
2025-12-25 09:28:57 [server-register-node] INFO  com.zaxxer.hikari.HikariDataSource - HikariPool-1 - Starting...
2025-12-25 09:28:58 [NETTY_ACTOR_SYSTEM-pekko.actor.netty-receive-request-dispatcher-11] INFO  com.zaxxer.hikari.HikariDataSource - HikariPool-1 - Starting...
2025-12-25 09:28:59 [snail-job-scheduled-thread-2] INFO  com.zaxxer.hikari.HikariDataSource - HikariPool-1 - Starting...
2025-12-25 09:29:01 [snail-job-scheduled-thread-4] INFO  com.zaxxer.hikari.HikariDataSource - HikariPool-1 - Starting...
2025-12-25 09:29:05 [snail-job-scheduled-thread-3] INFO  com.zaxxer.hikari.HikariDataSource - HikariPool-1 - Starting...
2025-12-25 09:29:07 [server-node-balance] INFO  com.zaxxer.hikari.HikariDataSource - HikariPool-1 - Starting...
2025-12-25 09:29:08 [NETTY_ACTOR_SYSTEM-pekko.actor.netty-receive-request-dispatcher-12] INFO  com.zaxxer.hikari.HikariDataSource - HikariPool-1 - Starting...
2025-12-25 09:29:09 [snail-job-scheduled-thread-1] INFO  com.zaxxer.hikari.HikariDataSource - HikariPool-1 - Starting...
2025-12-25 09:29:11 [snail-job-scheduled-thread-2] INFO  com.zaxxer.hikari.HikariDataSource - HikariPool-1 - Starting...
2025-12-25 09:29:15 [snail-job-scheduled-thread-4] INFO  com.zaxxer.hikari.HikariDataSource - HikariPool-1 - Starting...
2025-12-25 09:29:16 [server-register-node] INFO  com.zaxxer.hikari.HikariDataSource - HikariPool-1 - Starting...
2025-12-25 09:29:17 [snail-job-scheduled-thread-3] INFO  com.zaxxer.hikari.HikariDataSource - HikariPool-1 - Starting...
2025-12-25 09:29:18 [snail-job-scheduled-thread-1] INFO  com.zaxxer.hikari.HikariDataSource - HikariPool-1 - Starting...
2025-12-25 09:29:19 [snail-job-scheduled-thread-2] INFO  com.zaxxer.hikari.HikariDataSource - HikariPool-1 - Starting...
2025-12-25 09:29:20 [snail-job-scheduled-thread-3] INFO  com.zaxxer.hikari.HikariDataSource - HikariPool-1 - Starting...
2025-12-25 09:29:21 [server-node-balance] INFO  com.zaxxer.hikari.HikariDataSource - HikariPool-1 - Starting...
2025-12-25 09:29:22 [NETTY_ACTOR_SYSTEM-pekko.actor.netty-receive-request-dispatcher-13] INFO  com.zaxxer.hikari.HikariDataSource - HikariPool-1 - Starting...
2025-12-25 09:29:23 [http-nio-8800-exec-4] INFO  com.zaxxer.hikari.HikariDataSource - HikariPool-1 - Starting...
2025-12-25 09:29:24 [snail-job-scheduled-thread-4] INFO  com.zaxxer.hikari.HikariDataSource - HikariPool-1 - Starting...
2025-12-25 09:29:25 [snail-job-scheduled-thread-1] INFO  com.zaxxer.hikari.HikariDataSource - HikariPool-1 - Starting...
2025-12-25 09:29:26 [snail-job-scheduled-thread-3] INFO  com.zaxxer.hikari.HikariDataSource - HikariPool-1 - Starting...
2025-12-25 09:29:28 [NETTY_ACTOR_SYSTEM-pekko.actor.netty-receive-request-dispatcher-14] INFO  com.zaxxer.hikari.HikariDataSource - HikariPool-1 - Starting...
2025-12-25 09:29:29 [http-nio-8800-exec-2] INFO  com.zaxxer.hikari.HikariDataSource - HikariPool-1 - Starting...
2025-12-25 09:29:31 [http-nio-8800-exec-5] INFO  com.zaxxer.hikari.HikariDataSource - HikariPool-1 - Starting...
2025-12-25 09:29:32 [snail-job-scheduled-thread-1] INFO  com.zaxxer.hikari.HikariDataSource - HikariPool-1 - Starting...
2025-12-25 09:29:33 [snail-job-scheduled-thread-2] INFO  com.zaxxer.hikari.HikariDataSource - HikariPool-1 - Starting...
2025-12-25 09:29:34 [server-node-balance] INFO  com.zaxxer.hikari.HikariDataSource - HikariPool-1 - Starting...
2025-12-25 09:29:35 [http-nio-8800-exec-1] INFO  com.zaxxer.hikari.HikariDataSource - HikariPool-1 - Starting...
2025-12-25 09:29:36 [server-register-node] INFO  com.zaxxer.hikari.HikariDataSource - HikariPool-1 - Starting...
2025-12-25 09:29:38 [NETTY_ACTOR_SYSTEM-pekko.actor.netty-receive-request-dispatcher-15] INFO  com.zaxxer.hikari.HikariDataSource - HikariPool-1 - Starting...
2025-12-25 09:29:39 [snail-job-scheduled-thread-1] INFO  com.zaxxer.hikari.HikariDataSource - HikariPool-1 - Starting...
2025-12-25 09:29:40 [NETTY_ACTOR_SYSTEM-pekko.actor.netty-receive-request-dispatcher-16] INFO  com.zaxxer.hikari.HikariDataSource - HikariPool-1 - Starting...
2025-12-25 09:29:41 [snail-job-scheduled-thread-4] INFO  com.zaxxer.hikari.HikariDataSource - HikariPool-1 - Starting...
2025-12-25 09:29:45 [snail-job-scheduled-thread-1] INFO  com.zaxxer.hikari.HikariDataSource - HikariPool-1 - Starting...
2025-12-25 09:29:46 [server-node-balance] INFO  com.zaxxer.hikari.HikariDataSource - HikariPool-1 - Starting...
2025-12-25 09:29:47 [snail-job-scheduled-thread-3] INFO  com.zaxxer.hikari.HikariDataSource - HikariPool-1 - Starting...
2025-12-25 09:29:48 [NETTY_ACTOR_SYSTEM-pekko.actor.netty-receive-request-dispatcher-17] INFO  com.zaxxer.hikari.HikariDataSource - HikariPool-1 - Starting...
2025-12-25 09:29:51 [snail-job-scheduled-thread-2] INFO  com.zaxxer.hikari.HikariDataSource - HikariPool-1 - Starting...
2025-12-25 09:29:53 [snail-job-scheduled-thread-4] INFO  com.zaxxer.hikari.HikariDataSource - HikariPool-1 - Starting...
2025-12-25 09:29:55 [server-register-node] INFO  com.zaxxer.hikari.HikariDataSource - HikariPool-1 - Starting...
2025-12-25 09:29:57 [server-node-balance] INFO  com.zaxxer.hikari.HikariDataSource - HikariPool-1 - Starting...
2025-12-25 09:29:58 [NETTY_ACTOR_SYSTEM-pekko.actor.netty-receive-request-dispatcher-18] INFO  com.zaxxer.hikari.HikariDataSource - HikariPool-1 - Starting...
2025-12-25 09:29:59 [snail-job-scheduled-thread-1] INFO  com.zaxxer.hikari.HikariDataSource - HikariPool-1 - Starting...
2025-12-25 09:30:00 [snail-job-scheduled-thread-3] INFO  com.zaxxer.hikari.HikariDataSource - HikariPool-1 - Starting...
2025-12-25 09:30:05 [snail-job-scheduled-thread-1] INFO  com.zaxxer.hikari.HikariDataSource - HikariPool-1 - Starting...
2025-12-25 09:30:06 [snail-job-scheduled-thread-2] INFO  com.zaxxer.hikari.HikariDataSource - HikariPool-1 - Starting...
2025-12-25 09:30:08 [NETTY_ACTOR_SYSTEM-pekko.actor.netty-receive-request-dispatcher-19] INFO  com.zaxxer.hikari.HikariDataSource - HikariPool-1 - Starting...
2025-12-25 09:30:09 [server-node-balance] INFO  com.zaxxer.hikari.HikariDataSource - HikariPool-1 - Starting...
2025-12-25 09:30:11 [snail-job-scheduled-thread-1] INFO  com.zaxxer.hikari.HikariDataSource - HikariPool-1 - Starting...
2025-12-25 09:30:12 [snail-job-scheduled-thread-4] INFO  com.zaxxer.hikari.HikariDataSource - HikariPool-1 - Starting...
2025-12-25 09:30:15 [server-register-node] INFO  com.zaxxer.hikari.HikariDataSource - HikariPool-1 - Starting...
2025-12-25 09:30:16 [snail-job-scheduled-thread-4] INFO  com.zaxxer.hikari.HikariDataSource - HikariPool-1 - Starting...
2025-12-25 09:30:17 [snail-job-scheduled-thread-1] INFO  com.zaxxer.hikari.HikariDataSource - HikariPool-1 - Starting...
2025-12-25 09:30:18 [snail-job-scheduled-thread-3] INFO  com.zaxxer.hikari.HikariDataSource - HikariPool-1 - Starting...
2025-12-25 09:30:19 [snail-job-scheduled-thread-2] INFO  com.zaxxer.hikari.HikariDataSource - HikariPool-1 - Starting...
2025-12-25 09:30:20 [server-node-balance] INFO  com.zaxxer.hikari.HikariDataSource - HikariPool-1 - Starting...
2025-12-25 09:30:21 [snail-job-scheduled-thread-1] INFO  com.zaxxer.hikari.HikariDataSource - HikariPool-1 - Starting...
2025-12-25 09:30:22 [NETTY_ACTOR_SYSTEM-pekko.actor.netty-receive-request-dispatcher-20] INFO  com.zaxxer.hikari.HikariDataSource - HikariPool-1 - Starting...
2025-12-25 09:30:23 [snail-job-scheduled-thread-4] INFO  com.zaxxer.hikari.HikariDataSource - HikariPool-1 - Starting...
2025-12-25 09:30:27 [snail-job-scheduled-thread-1] INFO  com.zaxxer.hikari.HikariDataSource - HikariPool-1 - Starting...
2025-12-25 09:30:28 [NETTY_ACTOR_SYSTEM-pekko.actor.netty-receive-request-dispatcher-21] INFO  com.zaxxer.hikari.HikariDataSource - HikariPool-1 - Starting...
2025-12-25 09:30:29 [snail-job-scheduled-thread-2] INFO  com.zaxxer.hikari.HikariDataSource - HikariPool-1 - Starting...
2025-12-25 09:30:31 [server-node-balance] INFO  com.zaxxer.hikari.HikariDataSource - HikariPool-1 - Starting...
2025-12-25 09:30:33 [snail-job-scheduled-thread-3] INFO  com.zaxxer.hikari.HikariDataSource - HikariPool-1 - Starting...
2025-12-25 09:30:35 [server-register-node] INFO  com.zaxxer.hikari.HikariDataSource - HikariPool-1 - Starting...
2025-12-25 09:30:36 [snail-job-scheduled-thread-4] INFO  com.zaxxer.hikari.HikariDataSource - HikariPool-1 - Starting...
2025-12-25 09:30:38 [NETTY_ACTOR_SYSTEM-pekko.actor.netty-receive-request-dispatcher-23] INFO  com.zaxxer.hikari.HikariDataSource - HikariPool-1 - Starting...
2025-12-25 09:30:39 [NETTY_ACTOR_SYSTEM-pekko.actor.netty-receive-request-dispatcher-22] INFO  com.zaxxer.hikari.HikariDataSource - HikariPool-1 - Starting...
2025-12-25 09:30:40 [snail-job-scheduled-thread-1] INFO  com.zaxxer.hikari.HikariDataSource - HikariPool-1 - Starting...
2025-12-25 09:30:42 [snail-job-scheduled-thread-2] INFO  com.zaxxer.hikari.HikariDataSource - HikariPool-1 - Starting...
2025-12-25 09:30:43 [server-node-balance] INFO  com.zaxxer.hikari.HikariDataSource - HikariPool-1 - Starting...
2025-12-25 09:30:46 [snail-job-scheduled-thread-3] INFO  com.zaxxer.hikari.HikariDataSource - HikariPool-1 - Starting...
2025-12-25 09:30:48 [NETTY_ACTOR_SYSTEM-pekko.actor.netty-receive-request-dispatcher-24] INFO  com.zaxxer.hikari.HikariDataSource - HikariPool-1 - Starting...
2025-12-25 09:30:49 [snail-job-scheduled-thread-4] INFO  com.zaxxer.hikari.HikariDataSource - HikariPool-1 - Starting...
2025-12-25 09:30:52 [snail-job-scheduled-thread-1] INFO  com.zaxxer.hikari.HikariDataSource - HikariPool-1 - Starting...
2025-12-25 09:30:54 [server-node-balance] INFO  com.zaxxer.hikari.HikariDataSource - HikariPool-1 - Starting...
2025-12-25 09:30:55 [server-register-node] INFO  com.zaxxer.hikari.HikariDataSource - HikariPool-1 - Starting...
2025-12-25 09:30:56 [snail-job-scheduled-thread-2] INFO  com.zaxxer.hikari.HikariDataSource - HikariPool-1 - Starting...
2025-12-25 09:30:58 [NETTY_ACTOR_SYSTEM-pekko.actor.netty-receive-request-dispatcher-25] INFO  com.zaxxer.hikari.HikariDataSource - HikariPool-1 - Starting...
2025-12-25 09:30:59 [snail-job-scheduled-thread-3] INFO  com.zaxxer.hikari.HikariDataSource - HikariPool-1 - Starting...
2025-12-25 09:31:02 [snail-job-scheduled-thread-4] INFO  com.zaxxer.hikari.HikariDataSource - HikariPool-1 - Starting...
2025-12-25 09:31:05 [snail-job-scheduled-thread-1] INFO  com.zaxxer.hikari.HikariDataSource - HikariPool-1 - Starting...
2025-12-25 09:31:06 [server-node-balance] INFO  com.zaxxer.hikari.HikariDataSource - HikariPool-1 - Starting...
2025-12-25 09:31:08 [NETTY_ACTOR_SYSTEM-pekko.actor.netty-receive-request-dispatcher-26] INFO  com.zaxxer.hikari.HikariDataSource - HikariPool-1 - Starting...
2025-12-25 09:31:09 [snail-job-scheduled-thread-2] INFO  com.zaxxer.hikari.HikariDataSource - HikariPool-1 - Starting...
2025-12-25 09:31:11 [snail-job-scheduled-thread-3] INFO  com.zaxxer.hikari.HikariDataSource - HikariPool-1 - Starting...
2025-12-25 09:31:15 [snail-job-scheduled-thread-4] INFO  com.zaxxer.hikari.HikariDataSource - HikariPool-1 - Starting...
2025-12-25 09:31:16 [server-register-node] INFO  com.zaxxer.hikari.HikariDataSource - HikariPool-1 - Starting...
2025-12-25 09:31:17 [snail-job-scheduled-thread-1] INFO  com.zaxxer.hikari.HikariDataSource - HikariPool-1 - Starting...
2025-12-25 09:31:18 [snail-job-scheduled-thread-2] INFO  com.zaxxer.hikari.HikariDataSource - HikariPool-1 - Starting...
2025-12-25 09:31:19 [snail-job-scheduled-thread-3] INFO  com.zaxxer.hikari.HikariDataSource - HikariPool-1 - Starting...
2025-12-25 09:31:20 [snail-job-scheduled-thread-1] INFO  com.zaxxer.hikari.HikariDataSource - HikariPool-1 - Starting...
2025-12-25 09:31:21 [NETTY_ACTOR_SYSTEM-pekko.actor.netty-receive-request-dispatcher-27] INFO  com.zaxxer.hikari.HikariDataSource - HikariPool-1 - Starting...
2025-12-25 09:31:22 [server-node-balance] INFO  com.zaxxer.hikari.HikariDataSource - HikariPool-1 - Starting...
2025-12-25 09:31:23 [snail-job-scheduled-thread-4] INFO  com.zaxxer.hikari.HikariDataSource - HikariPool-1 - Starting...
2025-12-25 09:31:24 [snail-job-scheduled-thread-2] INFO  com.zaxxer.hikari.HikariDataSource - HikariPool-1 - Starting...
2025-12-25 09:31:26 [snail-job-scheduled-thread-1] INFO  com.zaxxer.hikari.HikariDataSource - HikariPool-1 - Starting...
2025-12-25 09:31:28 [NETTY_ACTOR_SYSTEM-pekko.actor.netty-receive-request-dispatcher-28] INFO  com.zaxxer.hikari.HikariDataSource - HikariPool-1 - Starting...
2025-12-25 09:31:30 [snail-job-scheduled-thread-3] INFO  com.zaxxer.hikari.HikariDataSource - HikariPool-1 - Starting...
2025-12-25 09:31:32 [snail-job-scheduled-thread-4] INFO  com.zaxxer.hikari.HikariDataSource - HikariPool-1 - Starting...
2025-12-25 09:31:33 [server-node-balance] INFO  com.zaxxer.hikari.HikariDataSource - HikariPool-1 - Starting...
2025-12-25 09:31:35 [server-register-node] INFO  com.zaxxer.hikari.HikariDataSource - HikariPool-1 - Starting...
2025-12-25 09:31:36 [snail-job-scheduled-thread-2] INFO  com.zaxxer.hikari.HikariDataSource - HikariPool-1 - Starting...
2025-12-25 09:31:38 [NETTY_ACTOR_SYSTEM-pekko.actor.netty-receive-request-dispatcher-30] INFO  com.zaxxer.hikari.HikariDataSource - HikariPool-1 - Starting...
2025-12-25 09:31:39 [snail-job-scheduled-thread-1] INFO  com.zaxxer.hikari.HikariDataSource - HikariPool-1 - Starting...
2025-12-25 09:31:40 [NETTY_ACTOR_SYSTEM-pekko.actor.netty-receive-request-dispatcher-29] INFO  com.zaxxer.hikari.HikariDataSource - HikariPool-1 - Starting...
2025-12-25 09:31:42 [snail-job-scheduled-thread-3] INFO  com.zaxxer.hikari.HikariDataSource - HikariPool-1 - Starting...
2025-12-25 09:31:44 [server-node-balance] INFO  com.zaxxer.hikari.HikariDataSource - HikariPool-1 - Starting...
2025-12-25 09:31:45 [snail-job-scheduled-thread-4] INFO  com.zaxxer.hikari.HikariDataSource - HikariPool-1 - Starting...
2025-12-25 09:31:48 [NETTY_ACTOR_SYSTEM-pekko.actor.netty-receive-request-dispatcher-31] INFO  com.zaxxer.hikari.HikariDataSource - HikariPool-1 - Starting...
2025-12-25 09:31:49 [snail-job-scheduled-thread-2] INFO  com.zaxxer.hikari.HikariDataSource - HikariPool-1 - Starting...
2025-12-25 09:31:51 [snail-job-scheduled-thread-1] INFO  com.zaxxer.hikari.HikariDataSource - HikariPool-1 - Starting...
2025-12-25 09:31:55 [snail-job-scheduled-thread-3] INFO  com.zaxxer.hikari.HikariDataSource - HikariPool-1 - Starting...
2025-12-25 09:31:56 [server-register-node] INFO  com.zaxxer.hikari.HikariDataSource - HikariPool-1 - Starting...
2025-12-25 09:31:57 [server-node-balance] INFO  com.zaxxer.hikari.HikariDataSource - HikariPool-1 - Starting...
2025-12-25 09:31:58 [NETTY_ACTOR_SYSTEM-pekko.actor.netty-receive-request-dispatcher-32] INFO  com.zaxxer.hikari.HikariDataSource - HikariPool-1 - Starting...
2025-12-25 09:31:59 [snail-job-scheduled-thread-4] INFO  com.zaxxer.hikari.HikariDataSource - HikariPool-1 - Starting...
2025-12-25 09:32:01 [snail-job-scheduled-thread-2] INFO  com.zaxxer.hikari.HikariDataSource - HikariPool-1 - Starting...
2025-12-25 09:32:05 [snail-job-scheduled-thread-1] INFO  com.zaxxer.hikari.HikariDataSource - HikariPool-1 - Starting...
2025-12-25 09:32:07 [snail-job-scheduled-thread-3] INFO  com.zaxxer.hikari.HikariDataSource - HikariPool-1 - Starting...
2025-12-25 09:32:08 [server-node-balance] INFO  com.zaxxer.hikari.HikariDataSource - HikariPool-1 - Starting...
2025-12-25 09:32:09 [NETTY_ACTOR_SYSTEM-pekko.actor.netty-receive-request-dispatcher-33] INFO  com.zaxxer.hikari.HikariDataSource - HikariPool-1 - Starting...
2025-12-25 09:32:11 [snail-job-scheduled-thread-4] INFO  com.zaxxer.hikari.HikariDataSource - HikariPool-1 - Starting...
2025-12-25 09:32:13 [snail-job-scheduled-thread-2] INFO  com.zaxxer.hikari.HikariDataSource - HikariPool-1 - Starting...
2025-12-25 09:32:15 [server-register-node] INFO  com.zaxxer.hikari.HikariDataSource - HikariPool-1 - Starting...
2025-12-25 09:32:16 [snail-job-scheduled-thread-2] INFO  com.zaxxer.hikari.HikariDataSource - HikariPool-1 - Starting...
2025-12-25 09:32:17 [snail-job-scheduled-thread-4] INFO  com.zaxxer.hikari.HikariDataSource - HikariPool-1 - Starting...
2025-12-25 09:32:18 [snail-job-scheduled-thread-1] INFO  com.zaxxer.hikari.HikariDataSource - HikariPool-1 - Starting...
2025-12-25 09:32:19 [snail-job-scheduled-thread-3] INFO  com.zaxxer.hikari.HikariDataSource - HikariPool-1 - Starting...
2025-12-25 09:32:20 [snail-job-scheduled-thread-4] INFO  com.zaxxer.hikari.HikariDataSource - HikariPool-1 - Starting...
2025-12-25 09:32:21 [server-node-balance] INFO  com.zaxxer.hikari.HikariDataSource - HikariPool-1 - Starting...
2025-12-25 09:32:22 [NETTY_ACTOR_SYSTEM-pekko.actor.netty-receive-request-dispatcher-34] INFO  com.zaxxer.hikari.HikariDataSource - HikariPool-1 - Starting...
2025-12-25 09:32:23 [snail-job-scheduled-thread-2] INFO  com.zaxxer.hikari.HikariDataSource - HikariPool-1 - Starting...
2025-12-25 09:32:26 [snail-job-scheduled-thread-4] INFO  com.zaxxer.hikari.HikariDataSource - HikariPool-1 - Starting...
2025-12-25 09:32:28 [NETTY_ACTOR_SYSTEM-pekko.actor.netty-receive-request-dispatcher-35] INFO  com.zaxxer.hikari.HikariDataSource - HikariPool-1 - Starting...
2025-12-25 09:32:29 [snail-job-scheduled-thread-3] INFO  com.zaxxer.hikari.HikariDataSource - HikariPool-1 - Starting...
2025-12-25 09:32:32 [server-node-balance] INFO  com.zaxxer.hikari.HikariDataSource - HikariPool-1 - Starting...
2025-12-25 09:32:33 [snail-job-scheduled-thread-1] INFO  com.zaxxer.hikari.HikariDataSource - HikariPool-1 - Starting...
2025-12-25 09:32:35 [server-register-node] INFO  com.zaxxer.hikari.HikariDataSource - HikariPool-1 - Starting...
2025-12-25 09:32:36 [snail-job-scheduled-thread-2] INFO  com.zaxxer.hikari.HikariDataSource - HikariPool-1 - Starting...
2025-12-25 09:32:38 [NETTY_ACTOR_SYSTEM-pekko.actor.netty-receive-request-dispatcher-38] INFO  com.zaxxer.hikari.HikariDataSource - HikariPool-1 - Starting...
2025-12-25 09:32:39 [NETTY_ACTOR_SYSTEM-pekko.actor.netty-receive-request-dispatcher-36] INFO  com.zaxxer.hikari.HikariDataSource - HikariPool-1 - Starting...
2025-12-25 09:32:40 [snail-job-scheduled-thread-4] INFO  com.zaxxer.hikari.HikariDataSource - HikariPool-1 - Starting...
2025-12-25 09:32:42 [snail-job-scheduled-thread-3] INFO  com.zaxxer.hikari.HikariDataSource - HikariPool-1 - Starting...
2025-12-25 09:32:43 [server-node-balance] INFO  com.zaxxer.hikari.HikariDataSource - HikariPool-1 - Starting...
2025-12-25 09:32:46 [snail-job-scheduled-thread-1] INFO  com.zaxxer.hikari.HikariDataSource - HikariPool-1 - Starting...
2025-12-25 09:32:48 [NETTY_ACTOR_SYSTEM-pekko.actor.netty-receive-request-dispatcher-39] INFO  com.zaxxer.hikari.HikariDataSource - HikariPool-1 - Starting...
2025-12-25 09:32:49 [snail-job-scheduled-thread-2] INFO  com.zaxxer.hikari.HikariDataSource - HikariPool-1 - Starting...
2025-12-25 09:32:52 [snail-job-scheduled-thread-4] INFO  com.zaxxer.hikari.HikariDataSource - HikariPool-1 - Starting...
2025-12-25 09:32:54 [server-node-balance] INFO  com.zaxxer.hikari.HikariDataSource - HikariPool-1 - Starting...
2025-12-25 09:32:55 [server-register-node] INFO  com.zaxxer.hikari.HikariDataSource - HikariPool-1 - Starting...
2025-12-25 09:32:56 [snail-job-scheduled-thread-3] INFO  com.zaxxer.hikari.HikariDataSource - HikariPool-1 - Starting...
2025-12-25 09:32:58 [NETTY_ACTOR_SYSTEM-pekko.actor.netty-receive-request-dispatcher-40] INFO  com.zaxxer.hikari.HikariDataSource - HikariPool-1 - Starting...
2025-12-25 09:32:59 [snail-job-scheduled-thread-1] INFO  com.zaxxer.hikari.HikariDataSource - HikariPool-1 - Starting...
2025-12-25 09:33:02 [snail-job-scheduled-thread-2] INFO  com.zaxxer.hikari.HikariDataSource - HikariPool-1 - Starting...
2025-12-25 09:33:05 [snail-job-scheduled-thread-4] INFO  com.zaxxer.hikari.HikariDataSource - HikariPool-1 - Starting...
2025-12-25 09:33:06 [server-node-balance] INFO  com.zaxxer.hikari.HikariDataSource - HikariPool-1 - Starting...
2025-12-25 09:33:08 [NETTY_ACTOR_SYSTEM-pekko.actor.netty-receive-request-dispatcher-41] INFO  com.zaxxer.hikari.HikariDataSource - HikariPool-1 - Starting...
2025-12-25 09:33:09 [snail-job-scheduled-thread-3] INFO  com.zaxxer.hikari.HikariDataSource - HikariPool-1 - Starting...
2025-12-25 09:33:11 [snail-job-scheduled-thread-1] INFO  com.zaxxer.hikari.HikariDataSource - HikariPool-1 - Starting...
2025-12-25 09:33:15 [snail-job-scheduled-thread-2] INFO  com.zaxxer.hikari.HikariDataSource - HikariPool-1 - Starting...
2025-12-25 09:33:16 [snail-job-scheduled-thread-3] INFO  com.zaxxer.hikari.HikariDataSource - HikariPool-1 - Starting...
2025-12-25 09:33:17 [snail-job-scheduled-thread-1] INFO  com.zaxxer.hikari.HikariDataSource - HikariPool-1 - Starting...
2025-12-25 09:33:18 [snail-job-scheduled-thread-4] INFO  com.zaxxer.hikari.HikariDataSource - HikariPool-1 - Starting...
2025-12-25 09:33:19 [server-register-node] INFO  com.zaxxer.hikari.HikariDataSource - HikariPool-1 - Starting...
2025-12-25 09:33:20 [NETTY_ACTOR_SYSTEM-pekko.actor.netty-receive-request-dispatcher-42] INFO  com.zaxxer.hikari.HikariDataSource - HikariPool-1 - Starting...
2025-12-25 09:33:21 [snail-job-scheduled-thread-3] INFO  com.zaxxer.hikari.HikariDataSource - HikariPool-1 - Starting...
2025-12-25 09:33:22 [server-node-balance] INFO  com.zaxxer.hikari.HikariDataSource - HikariPool-1 - Starting...
2025-12-25 09:33:23 [snail-job-scheduled-thread-2] INFO  com.zaxxer.hikari.HikariDataSource - HikariPool-1 - Starting...
2025-12-25 09:33:24 [snail-job-scheduled-thread-1] INFO  com.zaxxer.hikari.HikariDataSource - HikariPool-1 - Starting...
2025-12-25 09:33:27 [snail-job-scheduled-thread-3] INFO  com.zaxxer.hikari.HikariDataSource - HikariPool-1 - Starting...
2025-12-25 09:33:28 [NETTY_ACTOR_SYSTEM-pekko.actor.netty-receive-request-dispatcher-43] INFO  com.zaxxer.hikari.HikariDataSource - HikariPool-1 - Starting...
2025-12-25 09:33:30 [snail-job-scheduled-thread-4] INFO  com.zaxxer.hikari.HikariDataSource - HikariPool-1 - Starting...
2025-12-25 09:33:33 [snail-job-scheduled-thread-2] INFO  com.zaxxer.hikari.HikariDataSource - HikariPool-1 - Starting...
2025-12-25 09:33:34 [server-node-balance] INFO  com.zaxxer.hikari.HikariDataSource - HikariPool-1 - Starting...
2025-12-25 09:33:35 [server-register-node] INFO  com.zaxxer.hikari.HikariDataSource - HikariPool-1 - Starting...
2025-12-25 09:33:36 [snail-job-scheduled-thread-1] INFO  com.zaxxer.hikari.HikariDataSource - HikariPool-1 - Starting...
2025-12-25 09:33:38 [NETTY_ACTOR_SYSTEM-pekko.actor.netty-receive-request-dispatcher-44] INFO  com.zaxxer.hikari.HikariDataSource - HikariPool-1 - Starting...
2025-12-25 09:33:39 [NETTY_ACTOR_SYSTEM-pekko.actor.netty-receive-request-dispatcher-45] INFO  com.zaxxer.hikari.HikariDataSource - HikariPool-1 - Starting...
2025-12-25 09:33:40 [snail-job-scheduled-thread-3] INFO  com.zaxxer.hikari.HikariDataSource - HikariPool-1 - Starting...
2025-12-25 09:33:42 [snail-job-scheduled-thread-4] INFO  com.zaxxer.hikari.HikariDataSource - HikariPool-1 - Starting...
2025-12-25 09:33:45 [server-node-balance] INFO  com.zaxxer.hikari.HikariDataSource - HikariPool-1 - Starting...
2025-12-25 09:33:46 [snail-job-scheduled-thread-2] INFO  com.zaxxer.hikari.HikariDataSource - HikariPool-1 - Starting...
2025-12-25 09:33:48 [NETTY_ACTOR_SYSTEM-pekko.actor.netty-receive-request-dispatcher-46] INFO  com.zaxxer.hikari.HikariDataSource - HikariPool-1 - Starting...
2025-12-25 09:33:49 [snail-job-scheduled-thread-1] INFO  com.zaxxer.hikari.HikariDataSource - HikariPool-1 - Starting...
2025-12-25 09:33:52 [snail-job-scheduled-thread-3] INFO  com.zaxxer.hikari.HikariDataSource - HikariPool-1 - Starting...
2025-12-25 09:33:55 [snail-job-scheduled-thread-4] INFO  com.zaxxer.hikari.HikariDataSource - HikariPool-1 - Starting...
2025-12-25 09:33:56 [server-register-node] INFO  com.zaxxer.hikari.HikariDataSource - HikariPool-1 - Starting...
2025-12-25 09:33:57 [server-node-balance] INFO  com.zaxxer.hikari.HikariDataSource - HikariPool-1 - Starting...
2025-12-25 09:33:58 [NETTY_ACTOR_SYSTEM-pekko.actor.netty-receive-request-dispatcher-47] INFO  com.zaxxer.hikari.HikariDataSource - HikariPool-1 - Starting...
2025-12-25 09:33:59 [snail-job-scheduled-thread-2] INFO  com.zaxxer.hikari.HikariDataSource - HikariPool-1 - Starting...
2025-12-25 09:34:01 [snail-job-scheduled-thread-1] INFO  com.zaxxer.hikari.HikariDataSource - HikariPool-1 - Starting...
2025-12-25 09:34:05 [snail-job-scheduled-thread-3] INFO  com.zaxxer.hikari.HikariDataSource - HikariPool-1 - Starting...
2025-12-25 09:34:07 [snail-job-scheduled-thread-4] INFO  com.zaxxer.hikari.HikariDataSource - HikariPool-1 - Starting...
2025-12-25 09:34:08 [server-node-balance] INFO  com.zaxxer.hikari.HikariDataSource - HikariPool-1 - Starting...
2025-12-25 09:34:09 [NETTY_ACTOR_SYSTEM-pekko.actor.netty-receive-request-dispatcher-48] INFO  com.zaxxer.hikari.HikariDataSource - HikariPool-1 - Starting...
2025-12-25 09:34:11 [snail-job-scheduled-thread-2] INFO  com.zaxxer.hikari.HikariDataSource - HikariPool-1 - Starting...
2025-12-25 09:34:13 [snail-job-scheduled-thread-1] INFO  com.zaxxer.hikari.HikariDataSource - HikariPool-1 - Starting...
2025-12-25 09:34:15 [server-register-node] INFO  com.zaxxer.hikari.HikariDataSource - HikariPool-1 - Starting...
2025-12-25 09:34:16 [snail-job-scheduled-thread-1] INFO  com.zaxxer.hikari.HikariDataSource - HikariPool-1 - Starting...
2025-12-25 09:34:17 [snail-job-scheduled-thread-3] INFO  com.zaxxer.hikari.HikariDataSource - HikariPool-1 - Starting...
2025-12-25 09:34:18 [snail-job-scheduled-thread-2] INFO  com.zaxxer.hikari.HikariDataSource - HikariPool-1 - Starting...
2025-12-25 09:34:19 [snail-job-scheduled-thread-4] INFO  com.zaxxer.hikari.HikariDataSource - HikariPool-1 - Starting...
2025-12-25 09:34:20 [snail-job-scheduled-thread-3] INFO  com.zaxxer.hikari.HikariDataSource - HikariPool-1 - Starting...
2025-12-25 09:34:21 [server-node-balance] INFO  com.zaxxer.hikari.HikariDataSource - HikariPool-1 - Starting...
2025-12-25 09:34:22 [NETTY_ACTOR_SYSTEM-pekko.actor.netty-receive-request-dispatcher-49] INFO  com.zaxxer.hikari.HikariDataSource - HikariPool-1 - Starting...
2025-12-25 09:34:23 [snail-job-scheduled-thread-1] INFO  com.zaxxer.hikari.HikariDataSource - HikariPool-1 - Starting...
2025-12-25 09:34:26 [snail-job-scheduled-thread-3] INFO  com.zaxxer.hikari.HikariDataSource - HikariPool-1 - Starting...
2025-12-25 09:34:28 [NETTY_ACTOR_SYSTEM-pekko.actor.netty-receive-request-dispatcher-50] INFO  com.zaxxer.hikari.HikariDataSource - HikariPool-1 - Starting...
2025-12-25 09:34:29 [snail-job-scheduled-thread-4] INFO  com.zaxxer.hikari.HikariDataSource - HikariPool-1 - Starting...
2025-12-25 09:34:32 [server-node-balance] INFO  com.zaxxer.hikari.HikariDataSource - HikariPool-1 - Starting...
2025-12-25 09:34:33 [snail-job-scheduled-thread-2] INFO  com.zaxxer.hikari.HikariDataSource - HikariPool-1 - Starting...
2025-12-25 09:34:35 [server-register-node] INFO  com.zaxxer.hikari.HikariDataSource - HikariPool-1 - Starting...
2025-12-25 09:34:36 [snail-job-scheduled-thread-1] INFO  com.zaxxer.hikari.HikariDataSource - HikariPool-1 - Starting...
2025-12-25 09:34:38 [NETTY_ACTOR_SYSTEM-pekko.actor.netty-receive-request-dispatcher-52] INFO  com.zaxxer.hikari.HikariDataSource - HikariPool-1 - Starting...
2025-12-25 09:34:39 [NETTY_ACTOR_SYSTEM-pekko.actor.netty-receive-request-dispatcher-51] INFO  com.zaxxer.hikari.HikariDataSource - HikariPool-1 - Starting...
2025-12-25 09:34:40 [snail-job-scheduled-thread-3] INFO  com.zaxxer.hikari.HikariDataSource - HikariPool-1 - Starting...
2025-12-25 09:34:42 [snail-job-scheduled-thread-4] INFO  com.zaxxer.hikari.HikariDataSource - HikariPool-1 - Starting...
2025-12-25 09:34:43 [server-node-balance] INFO  com.zaxxer.hikari.HikariDataSource - HikariPool-1 - Starting...
2025-12-25 09:34:46 [snail-job-scheduled-thread-2] INFO  com.zaxxer.hikari.HikariDataSource - HikariPool-1 - Starting...
2025-12-25 09:34:48 [NETTY_ACTOR_SYSTEM-pekko.actor.netty-receive-request-dispatcher-53] INFO  com.zaxxer.hikari.HikariDataSource - HikariPool-1 - Starting...
2025-12-25 09:34:49 [snail-job-scheduled-thread-1] INFO  com.zaxxer.hikari.HikariDataSource - HikariPool-1 - Starting...
2025-12-25 09:34:52 [snail-job-scheduled-thread-3] INFO  com.zaxxer.hikari.HikariDataSource - HikariPool-1 - Starting...
2025-12-25 09:34:54 [server-node-balance] INFO  com.zaxxer.hikari.HikariDataSource - HikariPool-1 - Starting...
2025-12-25 09:34:55 [server-register-node] INFO  com.zaxxer.hikari.HikariDataSource - HikariPool-1 - Starting...
2025-12-25 09:34:56 [snail-job-scheduled-thread-4] INFO  com.zaxxer.hikari.HikariDataSource - HikariPool-1 - Starting...
2025-12-25 09:34:58 [NETTY_ACTOR_SYSTEM-pekko.actor.netty-receive-request-dispatcher-54] INFO  com.zaxxer.hikari.HikariDataSource - HikariPool-1 - Starting...
2025-12-25 09:34:59 [snail-job-scheduled-thread-2] INFO  com.zaxxer.hikari.HikariDataSource - HikariPool-1 - Starting...
2025-12-25 09:35:02 [snail-job-scheduled-thread-1] INFO  com.zaxxer.hikari.HikariDataSource - HikariPool-1 - Starting...
2025-12-25 09:35:05 [snail-job-scheduled-thread-3] INFO  com.zaxxer.hikari.HikariDataSource - HikariPool-1 - Starting...
2025-12-25 09:35:06 [server-node-balance] INFO  com.zaxxer.hikari.HikariDataSource - HikariPool-1 - Starting...
2025-12-25 09:35:08 [NETTY_ACTOR_SYSTEM-pekko.actor.netty-receive-request-dispatcher-55] INFO  com.zaxxer.hikari.HikariDataSource - HikariPool-1 - Starting...
2025-12-25 09:35:09 [snail-job-scheduled-thread-4] INFO  com.zaxxer.hikari.HikariDataSource - HikariPool-1 - Starting...
2025-12-25 09:35:11 [snail-job-scheduled-thread-2] INFO  com.zaxxer.hikari.HikariDataSource - HikariPool-1 - Starting...
2025-12-25 09:35:15 [snail-job-scheduled-thread-1] INFO  com.zaxxer.hikari.HikariDataSource - HikariPool-1 - Starting...
2025-12-25 09:35:16 [snail-job-scheduled-thread-3] INFO  com.zaxxer.hikari.HikariDataSource - HikariPool-1 - Starting...
2025-12-25 09:35:17 [snail-job-scheduled-thread-4] INFO  com.zaxxer.hikari.HikariDataSource - HikariPool-1 - Starting...
2025-12-25 09:35:18 [snail-job-scheduled-thread-2] INFO  com.zaxxer.hikari.HikariDataSource - HikariPool-1 - Starting...
2025-12-25 09:35:19 [server-register-node] INFO  com.zaxxer.hikari.HikariDataSource - HikariPool-1 - Starting...
2025-12-25 09:35:20 [NETTY_ACTOR_SYSTEM-pekko.actor.netty-receive-request-dispatcher-56] INFO  com.zaxxer.hikari.HikariDataSource - HikariPool-1 - Starting...
2025-12-25 09:35:21 [snail-job-scheduled-thread-3] INFO  com.zaxxer.hikari.HikariDataSource - HikariPool-1 - Starting...
2025-12-25 09:35:22 [server-node-balance] INFO  com.zaxxer.hikari.HikariDataSource - HikariPool-1 - Starting...
2025-12-25 09:35:23 [snail-job-scheduled-thread-1] INFO  com.zaxxer.hikari.HikariDataSource - HikariPool-1 - Starting...
2025-12-25 09:35:24 [snail-job-scheduled-thread-4] INFO  com.zaxxer.hikari.HikariDataSource - HikariPool-1 - Starting...
2025-12-25 09:35:27 [snail-job-scheduled-thread-3] INFO  com.zaxxer.hikari.HikariDataSource - HikariPool-1 - Starting...
2025-12-25 09:35:28 [NETTY_ACTOR_SYSTEM-pekko.actor.netty-receive-request-dispatcher-57] INFO  com.zaxxer.hikari.HikariDataSource - HikariPool-1 - Starting...
2025-12-25 09:35:30 [snail-job-scheduled-thread-2] INFO  com.zaxxer.hikari.HikariDataSource - HikariPool-1 - Starting...
2025-12-25 09:35:33 [server-node-balance] INFO  com.zaxxer.hikari.HikariDataSource - HikariPool-1 - Starting...
2025-12-25 09:35:34 [snail-job-scheduled-thread-1] INFO  com.zaxxer.hikari.HikariDataSource - HikariPool-1 - Starting...
2025-12-25 09:35:35 [server-register-node] INFO  com.zaxxer.hikari.HikariDataSource - HikariPool-1 - Starting...
2025-12-25 09:35:36 [snail-job-scheduled-thread-4] INFO  com.zaxxer.hikari.HikariDataSource - HikariPool-1 - Starting...
2025-12-25 09:35:38 [NETTY_ACTOR_SYSTEM-pekko.actor.netty-receive-request-dispatcher-58] INFO  com.zaxxer.hikari.HikariDataSource - HikariPool-1 - Starting...
2025-12-25 09:35:39 [NETTY_ACTOR_SYSTEM-pekko.actor.netty-receive-request-dispatcher-59] INFO  com.zaxxer.hikari.HikariDataSource - HikariPool-1 - Starting...
2025-12-25 09:35:40 [snail-job-scheduled-thread-3] INFO  com.zaxxer.hikari.HikariDataSource - HikariPool-1 - Starting...
2025-12-25 09:35:42 [snail-job-scheduled-thread-2] INFO  com.zaxxer.hikari.HikariDataSource - HikariPool-1 - Starting...
2025-12-25 09:35:44 [server-node-balance] INFO  com.zaxxer.hikari.HikariDataSource - HikariPool-1 - Starting...
2025-12-25 09:35:46 [snail-job-scheduled-thread-1] INFO  com.zaxxer.hikari.HikariDataSource - HikariPool-1 - Starting...
2025-12-25 09:35:48 [NETTY_ACTOR_SYSTEM-pekko.actor.netty-receive-request-dispatcher-60] INFO  com.zaxxer.hikari.HikariDataSource - HikariPool-1 - Starting...
2025-12-25 09:35:49 [snail-job-scheduled-thread-4] INFO  com.zaxxer.hikari.HikariDataSource - HikariPool-1 - Starting...
2025-12-25 09:35:52 [snail-job-scheduled-thread-3] INFO  com.zaxxer.hikari.HikariDataSource - HikariPool-1 - Starting...
2025-12-25 09:35:55 [snail-job-scheduled-thread-2] INFO  com.zaxxer.hikari.HikariDataSource - HikariPool-1 - Starting...
2025-12-25 09:35:56 [server-register-node] INFO  com.zaxxer.hikari.HikariDataSource - HikariPool-1 - Starting...
2025-12-25 09:35:57 [server-node-balance] INFO  com.zaxxer.hikari.HikariDataSource - HikariPool-1 - Starting...
2025-12-25 09:35:58 [NETTY_ACTOR_SYSTEM-pekko.actor.netty-receive-request-dispatcher-61] INFO  com.zaxxer.hikari.HikariDataSource - HikariPool-1 - Starting...
2025-12-25 09:35:59 [snail-job-scheduled-thread-1] INFO  com.zaxxer.hikari.HikariDataSource - HikariPool-1 - Starting...
2025-12-25 09:36:01 [snail-job-scheduled-thread-4] INFO  com.zaxxer.hikari.HikariDataSource - HikariPool-1 - Starting...
2025-12-25 09:36:05 [snail-job-scheduled-thread-3] INFO  com.zaxxer.hikari.HikariDataSource - HikariPool-1 - Starting...
2025-12-25 09:36:07 [snail-job-scheduled-thread-2] INFO  com.zaxxer.hikari.HikariDataSource - HikariPool-1 - Starting...
2025-12-25 09:36:08 [server-node-balance] INFO  com.zaxxer.hikari.HikariDataSource - HikariPool-1 - Starting...
2025-12-25 09:36:09 [NETTY_ACTOR_SYSTEM-pekko.actor.netty-receive-request-dispatcher-62] INFO  com.zaxxer.hikari.HikariDataSource - HikariPool-1 - Starting...
2025-12-25 09:36:11 [snail-job-scheduled-thread-1] INFO  com.zaxxer.hikari.HikariDataSource - HikariPool-1 - Starting...
2025-12-25 09:36:13 [snail-job-scheduled-thread-4] INFO  com.zaxxer.hikari.HikariDataSource - HikariPool-1 - Starting...
2025-12-25 09:36:15 [server-register-node] INFO  com.zaxxer.hikari.HikariDataSource - HikariPool-1 - Starting...
2025-12-25 09:36:16 [snail-job-scheduled-thread-4] INFO  com.zaxxer.hikari.HikariDataSource - HikariPool-1 - Starting...
2025-12-25 09:36:17 [snail-job-scheduled-thread-3] INFO  com.zaxxer.hikari.HikariDataSource - HikariPool-1 - Starting...
2025-12-25 09:36:18 [snail-job-scheduled-thread-2] INFO  com.zaxxer.hikari.HikariDataSource - HikariPool-1 - Starting...
2025-12-25 09:36:19 [snail-job-scheduled-thread-1] INFO  com.zaxxer.hikari.HikariDataSource - HikariPool-1 - Starting...
2025-12-25 09:36:20 [snail-job-scheduled-thread-3] INFO  com.zaxxer.hikari.HikariDataSource - HikariPool-1 - Starting...
2025-12-25 09:36:21 [server-node-balance] INFO  com.zaxxer.hikari.HikariDataSource - HikariPool-1 - Starting...
2025-12-25 09:36:22 [NETTY_ACTOR_SYSTEM-pekko.actor.netty-receive-request-dispatcher-63] INFO  com.zaxxer.hikari.HikariDataSource - HikariPool-1 - Starting...
2025-12-25 09:36:23 [snail-job-scheduled-thread-4] INFO  com.zaxxer.hikari.HikariDataSource - HikariPool-1 - Starting...
2025-12-25 09:36:24 [snail-job-scheduled-thread-2] INFO  com.zaxxer.hikari.HikariDataSource - HikariPool-1 - Starting...
2025-12-25 09:36:26 [snail-job-scheduled-thread-1] INFO  com.zaxxer.hikari.HikariDataSource - HikariPool-1 - Starting...
2025-12-25 09:36:27 [snail-job-scheduled-thread-3] INFO  com.zaxxer.hikari.HikariDataSource - HikariPool-1 - Starting...
2025-12-25 09:36:28 [NETTY_ACTOR_SYSTEM-pekko.actor.netty-receive-request-dispatcher-64] INFO  com.zaxxer.hikari.HikariDataSource - HikariPool-1 - Starting...
2025-12-25 09:36:29 [snail-job-scheduled-thread-4] INFO  com.zaxxer.hikari.HikariDataSource - HikariPool-1 - Starting...
2025-12-25 09:36:32 [server-node-balance] INFO  com.zaxxer.hikari.HikariDataSource - HikariPool-1 - Starting...
2025-12-25 09:36:33 [snail-job-scheduled-thread-2] INFO  com.zaxxer.hikari.HikariDataSource - HikariPool-1 - Starting...
2025-12-25 09:36:35 [server-register-node] INFO  com.zaxxer.hikari.HikariDataSource - HikariPool-1 - Starting...
2025-12-25 09:36:36 [snail-job-scheduled-thread-1] INFO  com.zaxxer.hikari.HikariDataSource - HikariPool-1 - Starting...
2025-12-25 09:36:38 [NETTY_ACTOR_SYSTEM-pekko.actor.netty-receive-request-dispatcher-66] INFO  com.zaxxer.hikari.HikariDataSource - HikariPool-1 - Starting...
2025-12-25 09:36:39 [NETTY_ACTOR_SYSTEM-pekko.actor.netty-receive-request-dispatcher-65] INFO  com.zaxxer.hikari.HikariDataSource - HikariPool-1 - Starting...
2025-12-25 09:36:40 [snail-job-scheduled-thread-3] INFO  com.zaxxer.hikari.HikariDataSource - HikariPool-1 - Starting...
2025-12-25 09:36:42 [snail-job-scheduled-thread-4] INFO  com.zaxxer.hikari.HikariDataSource - HikariPool-1 - Starting...
2025-12-25 09:36:43 [server-node-balance] INFO  com.zaxxer.hikari.HikariDataSource - HikariPool-1 - Starting...
2025-12-25 09:36:46 [snail-job-scheduled-thread-2] INFO  com.zaxxer.hikari.HikariDataSource - HikariPool-1 - Starting...
2025-12-25 09:36:48 [NETTY_ACTOR_SYSTEM-pekko.actor.netty-receive-request-dispatcher-67] INFO  com.zaxxer.hikari.HikariDataSource - HikariPool-1 - Starting...
2025-12-25 09:36:49 [snail-job-scheduled-thread-1] INFO  com.zaxxer.hikari.HikariDataSource - HikariPool-1 - Starting...
2025-12-25 09:36:52 [snail-job-scheduled-thread-3] INFO  com.zaxxer.hikari.HikariDataSource - HikariPool-1 - Starting...
2025-12-25 09:36:54 [server-node-balance] INFO  com.zaxxer.hikari.HikariDataSource - HikariPool-1 - Starting...
2025-12-25 09:36:55 [server-register-node] INFO  com.zaxxer.hikari.HikariDataSource - HikariPool-1 - Starting...
2025-12-25 09:36:56 [snail-job-scheduled-thread-4] INFO  com.zaxxer.hikari.HikariDataSource - HikariPool-1 - Starting...
2025-12-25 09:36:58 [NETTY_ACTOR_SYSTEM-pekko.actor.netty-receive-request-dispatcher-68] INFO  com.zaxxer.hikari.HikariDataSource - HikariPool-1 - Starting...
2025-12-25 09:36:59 [snail-job-scheduled-thread-2] INFO  com.zaxxer.hikari.HikariDataSource - HikariPool-1 - Starting...
2025-12-25 09:37:02 [snail-job-scheduled-thread-1] INFO  com.zaxxer.hikari.HikariDataSource - HikariPool-1 - Starting...
2025-12-25 09:37:05 [snail-job-scheduled-thread-3] INFO  com.zaxxer.hikari.HikariDataSource - HikariPool-1 - Starting...
2025-12-25 09:37:06 [server-node-balance] INFO  com.zaxxer.hikari.HikariDataSource - HikariPool-1 - Starting...
2025-12-25 09:37:08 [NETTY_ACTOR_SYSTEM-pekko.actor.netty-receive-request-dispatcher-69] INFO  com.zaxxer.hikari.HikariDataSource - HikariPool-1 - Starting...
2025-12-25 09:37:09 [snail-job-scheduled-thread-4] INFO  com.zaxxer.hikari.HikariDataSource - HikariPool-1 - Starting...
2025-12-25 09:37:11 [snail-job-scheduled-thread-2] INFO  com.zaxxer.hikari.HikariDataSource - HikariPool-1 - Starting...
2025-12-25 09:37:15 [snail-job-scheduled-thread-1] INFO  com.zaxxer.hikari.HikariDataSource - HikariPool-1 - Starting...
2025-12-25 09:37:16 [snail-job-scheduled-thread-3] INFO  com.zaxxer.hikari.HikariDataSource - HikariPool-1 - Starting...
2025-12-25 09:37:17 [snail-job-scheduled-thread-2] INFO  com.zaxxer.hikari.HikariDataSource - HikariPool-1 - Starting...
2025-12-25 09:37:18 [snail-job-scheduled-thread-4] INFO  com.zaxxer.hikari.HikariDataSource - HikariPool-1 - Starting...
2025-12-25 09:37:19 [server-register-node] INFO  com.zaxxer.hikari.HikariDataSource - HikariPool-1 - Starting...
2025-12-25 09:37:20 [NETTY_ACTOR_SYSTEM-pekko.actor.netty-receive-request-dispatcher-70] INFO  com.zaxxer.hikari.HikariDataSource - HikariPool-1 - Starting...
2025-12-25 09:37:21 [snail-job-scheduled-thread-3] INFO  com.zaxxer.hikari.HikariDataSource - HikariPool-1 - Starting...
2025-12-25 09:37:22 [server-node-balance] INFO  com.zaxxer.hikari.HikariDataSource - HikariPool-1 - Starting...
2025-12-25 09:37:23 [snail-job-scheduled-thread-1] INFO  com.zaxxer.hikari.HikariDataSource - HikariPool-1 - Starting...
2025-12-25 09:37:24 [snail-job-scheduled-thread-2] INFO  com.zaxxer.hikari.HikariDataSource - HikariPool-1 - Starting...
2025-12-25 09:37:27 [snail-job-scheduled-thread-3] INFO  com.zaxxer.hikari.HikariDataSource - HikariPool-1 - Starting...
2025-12-25 09:37:28 [NETTY_ACTOR_SYSTEM-pekko.actor.netty-receive-request-dispatcher-71] INFO  com.zaxxer.hikari.HikariDataSource - HikariPool-1 - Starting...
2025-12-25 09:37:30 [snail-job-scheduled-thread-4] INFO  com.zaxxer.hikari.HikariDataSource - HikariPool-1 - Starting...
2025-12-25 09:37:33 [server-node-balance] INFO  com.zaxxer.hikari.HikariDataSource - HikariPool-1 - Starting...
2025-12-25 09:37:34 [snail-job-scheduled-thread-1] INFO  com.zaxxer.hikari.HikariDataSource - HikariPool-1 - Starting...
2025-12-25 09:37:35 [server-register-node] INFO  com.zaxxer.hikari.HikariDataSource - HikariPool-1 - Starting...
2025-12-25 09:37:36 [snail-job-scheduled-thread-2] INFO  com.zaxxer.hikari.HikariDataSource - HikariPool-1 - Starting...
2025-12-25 09:37:38 [NETTY_ACTOR_SYSTEM-pekko.actor.netty-receive-request-dispatcher-73] INFO  com.zaxxer.hikari.HikariDataSource - HikariPool-1 - Starting...
2025-12-25 09:37:39 [NETTY_ACTOR_SYSTEM-pekko.actor.netty-receive-request-dispatcher-72] INFO  com.zaxxer.hikari.HikariDataSource - HikariPool-1 - Starting...
2025-12-25 09:37:40 [snail-job-scheduled-thread-3] INFO  com.zaxxer.hikari.HikariDataSource - HikariPool-1 - Starting...
2025-12-25 09:37:42 [snail-job-scheduled-thread-4] INFO  com.zaxxer.hikari.HikariDataSource - HikariPool-1 - Starting...
2025-12-25 09:37:44 [server-node-balance] INFO  com.zaxxer.hikari.HikariDataSource - HikariPool-1 - Starting...
2025-12-25 09:37:46 [snail-job-scheduled-thread-1] INFO  com.zaxxer.hikari.HikariDataSource - HikariPool-1 - Starting...
2025-12-25 09:37:48 [NETTY_ACTOR_SYSTEM-pekko.actor.netty-receive-request-dispatcher-74] INFO  com.zaxxer.hikari.HikariDataSource - HikariPool-1 - Starting...
2025-12-25 09:37:49 [snail-job-scheduled-thread-2] INFO  com.zaxxer.hikari.HikariDataSource - HikariPool-1 - Starting...
2025-12-25 09:37:52 [snail-job-scheduled-thread-3] INFO  com.zaxxer.hikari.HikariDataSource - HikariPool-1 - Starting...
2025-12-25 09:37:55 [snail-job-scheduled-thread-4] INFO  com.zaxxer.hikari.HikariDataSource - HikariPool-1 - Starting...
2025-12-25 09:37:56 [server-register-node] INFO  com.zaxxer.hikari.HikariDataSource - HikariPool-1 - Starting...
2025-12-25 09:37:57 [server-node-balance] INFO  com.zaxxer.hikari.HikariDataSource - HikariPool-1 - Starting...
2025-12-25 09:37:58 [NETTY_ACTOR_SYSTEM-pekko.actor.netty-receive-request-dispatcher-75] INFO  com.zaxxer.hikari.HikariDataSource - HikariPool-1 - Starting...
2025-12-25 09:37:59 [snail-job-scheduled-thread-1] INFO  com.zaxxer.hikari.HikariDataSource - HikariPool-1 - Starting...
2025-12-25 09:38:01 [snail-job-scheduled-thread-2] INFO  com.zaxxer.hikari.HikariDataSource - HikariPool-1 - Starting...
2025-12-25 09:38:05 [snail-job-scheduled-thread-3] INFO  com.zaxxer.hikari.HikariDataSource - HikariPool-1 - Starting...
2025-12-25 09:38:07 [snail-job-scheduled-thread-4] INFO  com.zaxxer.hikari.HikariDataSource - HikariPool-1 - Starting...
2025-12-25 09:38:08 [server-node-balance] INFO  com.zaxxer.hikari.HikariDataSource - HikariPool-1 - Starting...
2025-12-25 09:38:09 [NETTY_ACTOR_SYSTEM-pekko.actor.netty-receive-request-dispatcher-76] INFO  com.zaxxer.hikari.HikariDataSource - HikariPool-1 - Starting...
2025-12-25 09:38:11 [snail-job-scheduled-thread-1] INFO  com.zaxxer.hikari.HikariDataSource - HikariPool-1 - Starting...
2025-12-25 09:38:13 [snail-job-scheduled-thread-2] INFO  com.zaxxer.hikari.HikariDataSource - HikariPool-1 - Starting...
2025-12-25 09:38:15 [server-register-node] INFO  com.zaxxer.hikari.HikariDataSource - HikariPool-1 - Starting...
2025-12-25 09:38:16 [snail-job-scheduled-thread-2] INFO  com.zaxxer.hikari.HikariDataSource - HikariPool-1 - Starting...
2025-12-25 09:38:17 [snail-job-scheduled-thread-1] INFO  com.zaxxer.hikari.HikariDataSource - HikariPool-1 - Starting...
2025-12-25 09:38:18 [snail-job-scheduled-thread-4] INFO  com.zaxxer.hikari.HikariDataSource - HikariPool-1 - Starting...
2025-12-25 09:38:19 [snail-job-scheduled-thread-3] INFO  com.zaxxer.hikari.HikariDataSource - HikariPool-1 - Starting...
2025-12-25 09:38:20 [snail-job-scheduled-thread-1] INFO  com.zaxxer.hikari.HikariDataSource - HikariPool-1 - Starting...
2025-12-25 09:38:21 [server-node-balance] INFO  com.zaxxer.hikari.HikariDataSource - HikariPool-1 - Starting...
2025-12-25 09:38:22 [NETTY_ACTOR_SYSTEM-pekko.actor.netty-receive-request-dispatcher-77] INFO  com.zaxxer.hikari.HikariDataSource - HikariPool-1 - Starting...
2025-12-25 09:38:23 [snail-job-scheduled-thread-2] INFO  com.zaxxer.hikari.HikariDataSource - HikariPool-1 - Starting...
2025-12-25 09:38:26 [snail-job-scheduled-thread-1] INFO  com.zaxxer.hikari.HikariDataSource - HikariPool-1 - Starting...
2025-12-25 09:38:28 [NETTY_ACTOR_SYSTEM-pekko.actor.netty-receive-request-dispatcher-78] INFO  com.zaxxer.hikari.HikariDataSource - HikariPool-1 - Starting...
2025-12-25 09:38:29 [snail-job-scheduled-thread-4] INFO  com.zaxxer.hikari.HikariDataSource - HikariPool-1 - Starting...
2025-12-25 09:38:32 [server-node-balance] INFO  com.zaxxer.hikari.HikariDataSource - HikariPool-1 - Starting...
2025-12-25 09:38:33 [snail-job-scheduled-thread-3] INFO  com.zaxxer.hikari.HikariDataSource - HikariPool-1 - Starting...
2025-12-25 09:38:35 [server-register-node] INFO  com.zaxxer.hikari.HikariDataSource - HikariPool-1 - Starting...
2025-12-25 09:38:36 [snail-job-scheduled-thread-2] INFO  com.zaxxer.hikari.HikariDataSource - HikariPool-1 - Starting...
2025-12-25 09:38:38 [NETTY_ACTOR_SYSTEM-pekko.actor.netty-receive-request-dispatcher-79] INFO  com.zaxxer.hikari.HikariDataSource - HikariPool-1 - Starting...
2025-12-25 09:38:39 [NETTY_ACTOR_SYSTEM-pekko.actor.netty-receive-request-dispatcher-80] INFO  com.zaxxer.hikari.HikariDataSource - HikariPool-1 - Starting...
2025-12-25 09:38:40 [snail-job-scheduled-thread-1] INFO  com.zaxxer.hikari.HikariDataSource - HikariPool-1 - Starting...
2025-12-25 09:38:42 [snail-job-scheduled-thread-4] INFO  com.zaxxer.hikari.HikariDataSource - HikariPool-1 - Starting...
2025-12-25 09:38:43 [server-node-balance] INFO  com.zaxxer.hikari.HikariDataSource - HikariPool-1 - Starting...
2025-12-25 09:38:46 [snail-job-scheduled-thread-3] INFO  com.zaxxer.hikari.HikariDataSource - HikariPool-1 - Starting...
2025-12-25 09:38:48 [NETTY_ACTOR_SYSTEM-pekko.actor.netty-receive-request-dispatcher-81] INFO  com.zaxxer.hikari.HikariDataSource - HikariPool-1 - Starting...
2025-12-25 09:38:49 [snail-job-scheduled-thread-2] INFO  com.zaxxer.hikari.HikariDataSource - HikariPool-1 - Starting...
2025-12-25 09:38:52 [snail-job-scheduled-thread-1] INFO  com.zaxxer.hikari.HikariDataSource - HikariPool-1 - Starting...
2025-12-25 09:38:54 [server-node-balance] INFO  com.zaxxer.hikari.HikariDataSource - HikariPool-1 - Starting...
2025-12-25 09:38:55 [server-register-node] INFO  com.zaxxer.hikari.HikariDataSource - HikariPool-1 - Starting...
2025-12-25 09:38:56 [snail-job-scheduled-thread-4] INFO  com.zaxxer.hikari.HikariDataSource - HikariPool-1 - Starting...
2025-12-25 09:38:58 [NETTY_ACTOR_SYSTEM-pekko.actor.netty-receive-request-dispatcher-82] INFO  com.zaxxer.hikari.HikariDataSource - HikariPool-1 - Starting...
2025-12-25 09:38:59 [snail-job-scheduled-thread-3] INFO  com.zaxxer.hikari.HikariDataSource - HikariPool-1 - Starting...
2025-12-25 09:39:02 [snail-job-scheduled-thread-2] INFO  com.zaxxer.hikari.HikariDataSource - HikariPool-1 - Starting...
2025-12-25 09:39:05 [snail-job-scheduled-thread-1] INFO  com.zaxxer.hikari.HikariDataSource - HikariPool-1 - Starting...
2025-12-25 09:39:06 [server-node-balance] INFO  com.zaxxer.hikari.HikariDataSource - HikariPool-1 - Starting...
2025-12-25 09:39:08 [NETTY_ACTOR_SYSTEM-pekko.actor.netty-receive-request-dispatcher-83] INFO  com.zaxxer.hikari.HikariDataSource - HikariPool-1 - Starting...
2025-12-25 09:39:09 [snail-job-scheduled-thread-4] INFO  com.zaxxer.hikari.HikariDataSource - HikariPool-1 - Starting...
2025-12-25 09:39:11 [snail-job-scheduled-thread-3] INFO  com.zaxxer.hikari.HikariDataSource - HikariPool-1 - Starting...
2025-12-25 09:39:15 [snail-job-scheduled-thread-2] INFO  com.zaxxer.hikari.HikariDataSource - HikariPool-1 - Starting...
2025-12-25 09:39:16 [snail-job-scheduled-thread-4] INFO  com.zaxxer.hikari.HikariDataSource - HikariPool-1 - Starting...
2025-12-25 09:39:17 [snail-job-scheduled-thread-3] INFO  com.zaxxer.hikari.HikariDataSource - HikariPool-1 - Starting...
2025-12-25 09:39:18 [snail-job-scheduled-thread-1] INFO  com.zaxxer.hikari.HikariDataSource - HikariPool-1 - Starting...
2025-12-25 09:39:19 [server-register-node] INFO  com.zaxxer.hikari.HikariDataSource - HikariPool-1 - Starting...
2025-12-25 09:39:20 [NETTY_ACTOR_SYSTEM-pekko.actor.netty-receive-request-dispatcher-84] INFO  com.zaxxer.hikari.HikariDataSource - HikariPool-1 - Starting...
2025-12-25 09:39:21 [snail-job-scheduled-thread-4] INFO  com.zaxxer.hikari.HikariDataSource - HikariPool-1 - Starting...
2025-12-25 09:39:22 [server-node-balance] INFO  com.zaxxer.hikari.HikariDataSource - HikariPool-1 - Starting...
2025-12-25 09:39:23 [snail-job-scheduled-thread-2] INFO  com.zaxxer.hikari.HikariDataSource - HikariPool-1 - Starting...
2025-12-25 09:39:24 [snail-job-scheduled-thread-3] INFO  com.zaxxer.hikari.HikariDataSource - HikariPool-1 - Starting...
2025-12-25 09:39:27 [snail-job-scheduled-thread-4] INFO  com.zaxxer.hikari.HikariDataSource - HikariPool-1 - Starting...
2025-12-25 09:39:28 [NETTY_ACTOR_SYSTEM-pekko.actor.netty-receive-request-dispatcher-85] INFO  com.zaxxer.hikari.HikariDataSource - HikariPool-1 - Starting...
2025-12-25 09:39:30 [snail-job-scheduled-thread-1] INFO  com.zaxxer.hikari.HikariDataSource - HikariPool-1 - Starting...
2025-12-25 09:39:33 [server-node-balance] INFO  com.zaxxer.hikari.HikariDataSource - HikariPool-1 - Starting...
2025-12-25 09:39:34 [snail-job-scheduled-thread-2] INFO  com.zaxxer.hikari.HikariDataSource - HikariPool-1 - Starting...
2025-12-25 09:39:35 [server-register-node] INFO  com.zaxxer.hikari.HikariDataSource - HikariPool-1 - Starting...
2025-12-25 09:39:36 [snail-job-scheduled-thread-3] INFO  com.zaxxer.hikari.HikariDataSource - HikariPool-1 - Starting...
2025-12-25 09:39:38 [NETTY_ACTOR_SYSTEM-pekko.actor.netty-receive-request-dispatcher-87] INFO  com.zaxxer.hikari.HikariDataSource - HikariPool-1 - Starting...
2025-12-25 09:39:39 [NETTY_ACTOR_SYSTEM-pekko.actor.netty-receive-request-dispatcher-86] INFO  com.zaxxer.hikari.HikariDataSource - HikariPool-1 - Starting...
2025-12-25 09:39:40 [snail-job-scheduled-thread-4] INFO  com.zaxxer.hikari.HikariDataSource - HikariPool-1 - Starting...
2025-12-25 09:39:42 [snail-job-scheduled-thread-1] INFO  com.zaxxer.hikari.HikariDataSource - HikariPool-1 - Starting...
2025-12-25 09:39:44 [server-node-balance] INFO  com.zaxxer.hikari.HikariDataSource - HikariPool-1 - Starting...
2025-12-25 09:39:46 [snail-job-scheduled-thread-2] INFO  com.zaxxer.hikari.HikariDataSource - HikariPool-1 - Starting...
2025-12-25 09:39:48 [NETTY_ACTOR_SYSTEM-pekko.actor.netty-receive-request-dispatcher-89] INFO  com.zaxxer.hikari.HikariDataSource - HikariPool-1 - Starting...
2025-12-25 09:39:49 [snail-job-scheduled-thread-3] INFO  com.zaxxer.hikari.HikariDataSource - HikariPool-1 - Starting...
2025-12-25 09:39:52 [snail-job-scheduled-thread-4] INFO  com.zaxxer.hikari.HikariDataSource - HikariPool-1 - Starting...
2025-12-25 09:39:55 [snail-job-scheduled-thread-1] INFO  com.zaxxer.hikari.HikariDataSource - HikariPool-1 - Starting...
2025-12-25 09:39:56 [server-register-node] INFO  com.zaxxer.hikari.HikariDataSource - HikariPool-1 - Starting...
2025-12-25 09:39:57 [server-node-balance] INFO  com.zaxxer.hikari.HikariDataSource - HikariPool-1 - Starting...
2025-12-25 09:39:58 [NETTY_ACTOR_SYSTEM-pekko.actor.netty-receive-request-dispatcher-90] INFO  com.zaxxer.hikari.HikariDataSource - HikariPool-1 - Starting...
2025-12-25 09:39:59 [snail-job-scheduled-thread-2] INFO  com.zaxxer.hikari.HikariDataSource - HikariPool-1 - Starting...
2025-12-25 09:40:01 [snail-job-scheduled-thread-3] INFO  com.zaxxer.hikari.HikariDataSource - HikariPool-1 - Starting...
2025-12-25 09:40:05 [snail-job-scheduled-thread-4] INFO  com.zaxxer.hikari.HikariDataSource - HikariPool-1 - Starting...
2025-12-25 09:40:07 [snail-job-scheduled-thread-1] INFO  com.zaxxer.hikari.HikariDataSource - HikariPool-1 - Starting...
2025-12-25 09:40:08 [server-node-balance] INFO  com.zaxxer.hikari.HikariDataSource - HikariPool-1 - Starting...
2025-12-25 09:40:09 [NETTY_ACTOR_SYSTEM-pekko.actor.netty-receive-request-dispatcher-91] INFO  com.zaxxer.hikari.HikariDataSource - HikariPool-1 - Starting...
2025-12-25 09:40:11 [snail-job-scheduled-thread-2] INFO  com.zaxxer.hikari.HikariDataSource - HikariPool-1 - Starting...
2025-12-25 09:40:13 [snail-job-scheduled-thread-3] INFO  com.zaxxer.hikari.HikariDataSource - HikariPool-1 - Starting...
2025-12-25 09:40:15 [server-register-node] INFO  com.zaxxer.hikari.HikariDataSource - HikariPool-1 - Starting...
2025-12-25 09:40:16 [snail-job-scheduled-thread-4] INFO  com.zaxxer.hikari.HikariDataSource - HikariPool-1 - Starting...
2025-12-25 09:40:17 [snail-job-scheduled-thread-1] INFO  com.zaxxer.hikari.HikariDataSource - HikariPool-1 - Starting...
2025-12-25 09:40:18 [snail-job-scheduled-thread-2] INFO  com.zaxxer.hikari.HikariDataSource - HikariPool-1 - Starting...
2025-12-25 09:40:19 [snail-job-scheduled-thread-3] INFO  com.zaxxer.hikari.HikariDataSource - HikariPool-1 - Starting...
2025-12-25 09:40:20 [snail-job-scheduled-thread-1] INFO  com.zaxxer.hikari.HikariDataSource - HikariPool-1 - Starting...
2025-12-25 09:40:21 [server-node-balance] INFO  com.zaxxer.hikari.HikariDataSource - HikariPool-1 - Starting...
2025-12-25 09:40:22 [NETTY_ACTOR_SYSTEM-pekko.actor.netty-receive-request-dispatcher-92] INFO  com.zaxxer.hikari.HikariDataSource - HikariPool-1 - Starting...
2025-12-25 09:40:23 [snail-job-scheduled-thread-4] INFO  com.zaxxer.hikari.HikariDataSource - HikariPool-1 - Starting...
2025-12-25 09:40:26 [snail-job-scheduled-thread-1] INFO  com.zaxxer.hikari.HikariDataSource - HikariPool-1 - Starting...
2025-12-25 09:40:28 [NETTY_ACTOR_SYSTEM-pekko.actor.netty-receive-request-dispatcher-93] INFO  com.zaxxer.hikari.HikariDataSource - HikariPool-1 - Starting...
2025-12-25 09:40:29 [snail-job-scheduled-thread-3] INFO  com.zaxxer.hikari.HikariDataSource - HikariPool-1 - Starting...
2025-12-25 09:40:32 [server-node-balance] INFO  com.zaxxer.hikari.HikariDataSource - HikariPool-1 - Starting...
2025-12-25 09:40:33 [snail-job-scheduled-thread-2] INFO  com.zaxxer.hikari.HikariDataSource - HikariPool-1 - Starting...
2025-12-25 09:40:35 [server-register-node] INFO  com.zaxxer.hikari.HikariDataSource - HikariPool-1 - Starting...
2025-12-25 09:40:36 [snail-job-scheduled-thread-4] INFO  com.zaxxer.hikari.HikariDataSource - HikariPool-1 - Starting...
2025-12-25 09:40:38 [NETTY_ACTOR_SYSTEM-pekko.actor.netty-receive-request-dispatcher-94] INFO  com.zaxxer.hikari.HikariDataSource - HikariPool-1 - Starting...
2025-12-25 09:40:39 [NETTY_ACTOR_SYSTEM-pekko.actor.netty-receive-request-dispatcher-95] INFO  com.zaxxer.hikari.HikariDataSource - HikariPool-1 - Starting...
2025-12-25 09:40:40 [snail-job-scheduled-thread-1] INFO  com.zaxxer.hikari.HikariDataSource - HikariPool-1 - Starting...
2025-12-25 09:40:42 [snail-job-scheduled-thread-3] INFO  com.zaxxer.hikari.HikariDataSource - HikariPool-1 - Starting...
2025-12-25 09:40:43 [server-node-balance] INFO  com.zaxxer.hikari.HikariDataSource - HikariPool-1 - Starting...
2025-12-25 09:40:46 [snail-job-scheduled-thread-2] INFO  com.zaxxer.hikari.HikariDataSource - HikariPool-1 - Starting...
2025-12-25 09:40:48 [NETTY_ACTOR_SYSTEM-pekko.actor.netty-receive-request-dispatcher-96] INFO  com.zaxxer.hikari.HikariDataSource - HikariPool-1 - Starting...
2025-12-25 09:40:49 [snail-job-scheduled-thread-4] INFO  com.zaxxer.hikari.HikariDataSource - HikariPool-1 - Starting...
2025-12-25 09:40:52 [snail-job-scheduled-thread-1] INFO  com.zaxxer.hikari.HikariDataSource - HikariPool-1 - Starting...
2025-12-25 09:40:54 [server-node-balance] INFO  com.zaxxer.hikari.HikariDataSource - HikariPool-1 - Starting...
2025-12-25 09:40:55 [server-register-node] INFO  com.zaxxer.hikari.HikariDataSource - HikariPool-1 - Starting...
2025-12-25 09:40:56 [snail-job-scheduled-thread-3] INFO  com.zaxxer.hikari.HikariDataSource - HikariPool-1 - Starting...
2025-12-25 09:40:58 [NETTY_ACTOR_SYSTEM-pekko.actor.netty-receive-request-dispatcher-97] INFO  com.zaxxer.hikari.HikariDataSource - HikariPool-1 - Starting...
2025-12-25 09:40:59 [snail-job-scheduled-thread-2] INFO  com.zaxxer.hikari.HikariDataSource - HikariPool-1 - Starting...
2025-12-25 09:41:02 [snail-job-scheduled-thread-4] INFO  com.zaxxer.hikari.HikariDataSource - HikariPool-1 - Starting...
2025-12-25 09:41:05 [snail-job-scheduled-thread-1] INFO  com.zaxxer.hikari.HikariDataSource - HikariPool-1 - Starting...
2025-12-25 09:41:06 [server-node-balance] INFO  com.zaxxer.hikari.HikariDataSource - HikariPool-1 - Starting...
2025-12-25 09:41:08 [NETTY_ACTOR_SYSTEM-pekko.actor.netty-receive-request-dispatcher-98] INFO  com.zaxxer.hikari.HikariDataSource - HikariPool-1 - Starting...
2025-12-25 09:41:09 [snail-job-scheduled-thread-3] INFO  com.zaxxer.hikari.HikariDataSource - HikariPool-1 - Starting...
2025-12-25 09:41:11 [snail-job-scheduled-thread-2] INFO  com.zaxxer.hikari.HikariDataSource - HikariPool-1 - Starting...
2025-12-25 09:41:15 [snail-job-scheduled-thread-4] INFO  com.zaxxer.hikari.HikariDataSource - HikariPool-1 - Starting...
2025-12-25 09:41:16 [snail-job-scheduled-thread-3] INFO  com.zaxxer.hikari.HikariDataSource - HikariPool-1 - Starting...
2025-12-25 09:41:17 [snail-job-scheduled-thread-2] INFO  com.zaxxer.hikari.HikariDataSource - HikariPool-1 - Starting...
2025-12-25 09:41:18 [snail-job-scheduled-thread-1] INFO  com.zaxxer.hikari.HikariDataSource - HikariPool-1 - Starting...
2025-12-25 09:41:19 [server-register-node] INFO  com.zaxxer.hikari.HikariDataSource - HikariPool-1 - Starting...
2025-12-25 09:41:20 [NETTY_ACTOR_SYSTEM-pekko.actor.netty-receive-request-dispatcher-99] INFO  com.zaxxer.hikari.HikariDataSource - HikariPool-1 - Starting...
2025-12-25 09:41:21 [snail-job-scheduled-thread-3] INFO  com.zaxxer.hikari.HikariDataSource - HikariPool-1 - Starting...
2025-12-25 09:41:22 [server-node-balance] INFO  com.zaxxer.hikari.HikariDataSource - HikariPool-1 - Starting...
2025-12-25 09:41:23 [snail-job-scheduled-thread-4] INFO  com.zaxxer.hikari.HikariDataSource - HikariPool-1 - Starting...
2025-12-25 09:41:24 [snail-job-scheduled-thread-2] INFO  com.zaxxer.hikari.HikariDataSource - HikariPool-1 - Starting...
2025-12-25 09:41:27 [snail-job-scheduled-thread-3] INFO  com.zaxxer.hikari.HikariDataSource - HikariPool-1 - Starting...
2025-12-25 09:41:28 [NETTY_ACTOR_SYSTEM-pekko.actor.netty-receive-request-dispatcher-100] INFO  com.zaxxer.hikari.HikariDataSource - HikariPool-1 - Starting...
2025-12-25 09:41:30 [snail-job-scheduled-thread-1] INFO  com.zaxxer.hikari.HikariDataSource - HikariPool-1 - Starting...
2025-12-25 09:41:33 [server-node-balance] INFO  com.zaxxer.hikari.HikariDataSource - HikariPool-1 - Starting...
2025-12-25 09:41:34 [snail-job-scheduled-thread-4] INFO  com.zaxxer.hikari.HikariDataSource - HikariPool-1 - Starting...
2025-12-25 09:41:35 [server-register-node] INFO  com.zaxxer.hikari.HikariDataSource - HikariPool-1 - Starting...
2025-12-25 09:41:36 [snail-job-scheduled-thread-2] INFO  com.zaxxer.hikari.HikariDataSource - HikariPool-1 - Starting...
2025-12-25 09:41:38 [NETTY_ACTOR_SYSTEM-pekko.actor.netty-receive-request-dispatcher-101] INFO  com.zaxxer.hikari.HikariDataSource - HikariPool-1 - Starting...
2025-12-25 09:41:39 [NETTY_ACTOR_SYSTEM-pekko.actor.netty-receive-request-dispatcher-102] INFO  com.zaxxer.hikari.HikariDataSource - HikariPool-1 - Starting...
2025-12-25 09:41:40 [snail-job-scheduled-thread-3] INFO  com.zaxxer.hikari.HikariDataSource - HikariPool-1 - Starting...
2025-12-25 09:41:42 [snail-job-scheduled-thread-1] INFO  com.zaxxer.hikari.HikariDataSource - HikariPool-1 - Starting...
2025-12-25 09:41:51 [background-preinit] INFO  o.h.validator.internal.util.Version - HV000001: Hibernate Validator 8.0.3.Final
2025-12-25 09:41:51 [main] INFO  o.d.s.SnailJobServerApplication - Starting SnailJobServerApplication using Java 24.0.2 with PID 27800 (D:\test\ruoyi\RuoYi-Vue-Plus-v5.5.1\ruoyi-extend\ruoyi-snailjob-server\target\classes started by dmx in D:\test\ruoyi)
2025-12-25 09:41:51 [main] INFO  o.d.s.SnailJobServerApplication - The following 1 profile is active: "dev"
2025-12-25 09:41:53 [main] INFO  o.s.b.w.e.tomcat.TomcatWebServer - Tomcat initialized with port 8800 (http)
2025-12-25 09:41:53 [main] INFO  o.a.coyote.http11.Http11NioProtocol - Initializing ProtocolHandler ["http-nio-8800"]
2025-12-25 09:41:53 [main] INFO  o.a.catalina.core.StandardService - Starting service [Tomcat]
2025-12-25 09:41:53 [main] INFO  o.a.catalina.core.StandardEngine - Starting Servlet engine: [Apache Tomcat/10.1.48]
2025-12-25 09:41:54 [main] INFO  o.a.c.c.C.[.[localhost].[/snail-job] - Initializing Spring embedded WebApplicationContext
2025-12-25 09:41:54 [main] INFO  o.s.b.w.s.c.ServletWebServerApplicationContext - Root WebApplicationContext: initialization completed in 2157 ms
2025-12-25 09:41:56 [main] INFO  o.s.b.a.w.s.WelcomePageHandlerMapping - Adding welcome page: class path resource [admin/index.html]
2025-12-25 09:41:56 [COMMON_ACTOR_SYSTEM-pekko.actor.default-dispatcher-5] INFO  o.a.pekko.event.slf4j.Slf4jLogger - Slf4jLogger started
2025-12-25 09:41:57 [NETTY_ACTOR_SYSTEM-pekko.actor.default-dispatcher-4] INFO  o.a.pekko.event.slf4j.Slf4jLogger - Slf4jLogger started
2025-12-25 09:41:57 [RETRY_ACTOR_SYSTEM-pekko.actor.default-dispatcher-5] INFO  o.a.pekko.event.slf4j.Slf4jLogger - Slf4jLogger started
2025-12-25 09:41:57 [JOB_ACTOR_SYSTEM-pekko.actor.default-dispatcher-4] INFO  o.a.pekko.event.slf4j.Slf4jLogger - Slf4jLogger started
2025-12-25 09:41:57 [main] INFO  c.b.m.e.s.MybatisPlusApplicationContextAware - Register ApplicationContext instances org.springframework.boot.web.servlet.context.AnnotationConfigServletWebServerApplicationContext@1623134f
2025-12-25 09:41:57 [main] INFO  o.s.b.a.e.web.EndpointLinksResolver - Exposing 14 endpoints beneath base path '/actuator'
2025-12-25 09:41:57 [main] INFO  o.a.coyote.http11.Http11NioProtocol - Starting ProtocolHandler ["http-nio-8800"]
2025-12-25 09:41:57 [main] INFO  o.s.b.w.e.tomcat.TomcatWebServer - Tomcat started on port 8800 (http) with context path '/snail-job'
2025-12-25 09:41:57 [main] INFO  c.a.s.s.s.listener.StartListener - snail-job server is preparing to start... v1.8.0
2025-12-25 09:41:57 [main] INFO  c.a.s.s.common.cache.CacheLockRecord - CacheLockRecord start
2025-12-25 09:41:57 [main] INFO  c.a.s.s.c.rpc.server.grpc.GrpcServer - ------> snail-job remoting server start success, grpc = com.aizuda.snailjob.server.common.rpc.server.grpc.GrpcServer, port = 17888
2025-12-25 09:41:57 [main] INFO  c.a.s.s.c.register.ServerRegister - ServerRegister start
2025-12-25 09:41:57 [main] INFO  c.a.s.s.c.cache.CacheConsumerGroup - CacheRegisterTable start
2025-12-25 09:41:57 [main] INFO  c.a.s.s.c.cache.CacheGroupScanActor - CacheGroupScanActor start
2025-12-25 09:41:57 [main] INFO  c.a.s.s.c.c.CacheNotifyRateLimiter - CacheNotifyRateLimiter start
2025-12-25 09:41:57 [main] INFO  c.a.s.server.common.cache.CacheToken - CacheToken start
2025-12-25 09:41:57 [main] INFO  c.a.s.s.c.handler.ServerNodeBalance - ServerNodeBalance start
2025-12-25 09:41:57 [main] INFO  c.a.s.s.j.t.s.a.l.JobTaskFailAlarmListener - JobTaskFailAlarmListener started
2025-12-25 09:41:57 [main] INFO  c.a.s.s.j.t.s.a.l.WorkflowTaskFailAlarmListener - WorkflowTaskFailAlarmListener started
2025-12-25 09:41:57 [main] INFO  c.a.s.s.r.t.s.c.CacheGroupRateLimiter - CacheGroupRateLimiter start
2025-12-25 09:41:57 [main] INFO  c.a.s.s.r.t.s.l.RetryTaskFailAlarmListener - RetryTaskFailAlarmListener started
2025-12-25 09:41:57 [main] INFO  c.a.s.s.r.t.s.l.RetryTaskFailDeadLetterAlarmListener - RetryTaskFailDeadLetterAlarmListener started
2025-12-25 09:41:57 [main] INFO  c.a.s.s.s.listener.StartListener - snail-job server started successfully v1.8.0
2025-12-25 09:41:57 [main] INFO  o.d.s.SnailJobServerApplication - Started SnailJobServerApplication in 6.718 seconds (process running for 7.139)
2025-12-25 09:41:58 [snail-job-scheduled-thread-2] INFO  com.zaxxer.hikari.HikariDataSource - HikariPool-1 - Starting...
2025-12-25 09:41:58 [snail-job-scheduled-thread-2] INFO  com.zaxxer.hikari.pool.HikariPool - HikariPool-1 - Added connection com.mysql.cj.jdbc.ConnectionImpl@1acd9cdd
2025-12-25 09:41:58 [snail-job-scheduled-thread-2] INFO  com.zaxxer.hikari.HikariDataSource - HikariPool-1 - Start completed.
2025-12-25 09:42:07 [server-node-balance] INFO  c.a.s.s.c.handler.ServerNodeBalance - Node change detected, starting load balancing. localHostIds:["2004004646805651456"] remoteHostIds:["2004004646805651456"]
2025-12-25 09:42:07 [server-node-balance] INFO  c.a.s.s.c.handler.ServerNodeBalance - rebalance start remoteHostIds:["2004004646805651456"]
2025-12-25 09:42:07 [server-node-balance] INFO  c.a.s.s.c.handler.ServerNodeBalance - rebalance complete. allocate:[[0, 1, 2, 3, 4, 5, 6, 7, 8, 9, 10, 11, 12, 13, 14, 15, 16, 17, 18, 19, 20, 21, 22, 23, 24, 25, 26, 27, 28, 29, 30, 31, 32, 33, 34, 35, 36, 37, 38, 39, 40, 41, 42, 43, 44, 45, 46, 47, 48, 49, 50, 51, 52, 53, 54, 55, 56, 57, 58, 59, 60, 61, 62, 63, 64, 65, 66, 67, 68, 69, 70, 71, 72, 73, 74, 75, 76, 77, 78, 79, 80, 81, 82, 83, 84, 85, 86, 87, 88, 89, 90, 91, 92, 93, 94, 95, 96, 97, 98, 99, 100, 101, 102, 103, 104, 105, 106, 107, 108, 109, 110, 111, 112, 113, 114, 115, 116, 117, 118, 119, 120, 121, 122, 123, 124, 125, 126, 127]]
2025-12-25 09:42:12 [http-nio-8800-exec-2] INFO  o.a.c.c.C.[.[localhost].[/snail-job] - Initializing Spring DispatcherServlet 'dispatcherServlet'
2025-12-25 09:42:12 [http-nio-8800-exec-2] INFO  o.s.web.servlet.DispatcherServlet - Initializing Servlet 'dispatcherServlet'
2025-12-25 09:42:12 [http-nio-8800-exec-2] INFO  o.s.web.servlet.DispatcherServlet - Completed initialization in 1 ms
2025-12-25 09:42:28 [JOB_ACTOR_SYSTEM-pekko.actor.job-task-executor-call-client-dispatcher-8] INFO  c.a.s.s.j.t.s.e.j.RequestClientActor - Task ID:[1] Task scheduled successfully.
2025-12-25 09:49:35 [background-preinit] INFO  o.h.validator.internal.util.Version - HV000001: Hibernate Validator 8.0.3.Final
2025-12-25 09:49:35 [main] INFO  o.d.s.SnailJobServerApplication - Starting SnailJobServerApplication using Java 24.0.2 with PID 22208 (D:\test\ruoyi\RuoYi-Vue-Plus-v5.5.1\ruoyi-extend\ruoyi-snailjob-server\target\classes started by dmx in D:\test\ruoyi)
2025-12-25 09:49:35 [main] INFO  o.d.s.SnailJobServerApplication - The following 1 profile is active: "dev"
2025-12-25 09:49:37 [main] INFO  o.s.b.w.e.tomcat.TomcatWebServer - Tomcat initialized with port 8800 (http)
2025-12-25 09:49:38 [main] INFO  o.a.coyote.http11.Http11NioProtocol - Initializing ProtocolHandler ["http-nio-8800"]
2025-12-25 09:49:38 [main] INFO  o.a.catalina.core.StandardService - Starting service [Tomcat]
2025-12-25 09:49:38 [main] INFO  o.a.catalina.core.StandardEngine - Starting Servlet engine: [Apache Tomcat/10.1.48]
2025-12-25 09:49:38 [main] INFO  o.a.c.c.C.[.[localhost].[/snail-job] - Initializing Spring embedded WebApplicationContext
2025-12-25 09:49:38 [main] INFO  o.s.b.w.s.c.ServletWebServerApplicationContext - Root WebApplicationContext: initialization completed in 2227 ms
2025-12-25 09:49:41 [main] INFO  o.s.b.a.w.s.WelcomePageHandlerMapping - Adding welcome page: class path resource [admin/index.html]
2025-12-25 09:49:42 [COMMON_ACTOR_SYSTEM-pekko.actor.default-dispatcher-5] INFO  o.a.pekko.event.slf4j.Slf4jLogger - Slf4jLogger started
2025-12-25 09:49:42 [NETTY_ACTOR_SYSTEM-pekko.actor.default-dispatcher-5] INFO  o.a.pekko.event.slf4j.Slf4jLogger - Slf4jLogger started
2025-12-25 09:49:42 [RETRY_ACTOR_SYSTEM-pekko.actor.default-dispatcher-4] INFO  o.a.pekko.event.slf4j.Slf4jLogger - Slf4jLogger started
2025-12-25 09:49:42 [JOB_ACTOR_SYSTEM-pekko.actor.default-dispatcher-5] INFO  o.a.pekko.event.slf4j.Slf4jLogger - Slf4jLogger started
2025-12-25 09:49:42 [main] INFO  c.b.m.e.s.MybatisPlusApplicationContextAware - Register ApplicationContext instances org.springframework.boot.web.servlet.context.AnnotationConfigServletWebServerApplicationContext@1252b961
2025-12-25 09:49:42 [main] INFO  o.s.b.a.e.web.EndpointLinksResolver - Exposing 14 endpoints beneath base path '/actuator'
2025-12-25 09:49:42 [main] INFO  o.a.coyote.http11.Http11NioProtocol - Starting ProtocolHandler ["http-nio-8800"]
2025-12-25 09:49:42 [main] INFO  o.s.b.w.e.tomcat.TomcatWebServer - Tomcat started on port 8800 (http) with context path '/snail-job'
2025-12-25 09:49:42 [main] INFO  c.a.s.s.s.listener.StartListener - snail-job server is preparing to start... v1.8.0
2025-12-25 09:49:42 [main] INFO  c.a.s.s.common.cache.CacheLockRecord - CacheLockRecord start
2025-12-25 09:49:43 [main] INFO  c.a.s.s.c.rpc.server.grpc.GrpcServer - ------> snail-job remoting server start success, grpc = com.aizuda.snailjob.server.common.rpc.server.grpc.GrpcServer, port = 17888
2025-12-25 09:49:43 [main] INFO  c.a.s.s.c.register.ServerRegister - ServerRegister start
2025-12-25 09:49:43 [main] INFO  c.a.s.s.c.cache.CacheConsumerGroup - CacheRegisterTable start
2025-12-25 09:49:43 [main] INFO  c.a.s.s.c.cache.CacheGroupScanActor - CacheGroupScanActor start
2025-12-25 09:49:43 [main] INFO  c.a.s.s.c.c.CacheNotifyRateLimiter - CacheNotifyRateLimiter start
2025-12-25 09:49:43 [main] INFO  c.a.s.server.common.cache.CacheToken - CacheToken start
2025-12-25 09:49:43 [main] INFO  c.a.s.s.c.handler.ServerNodeBalance - ServerNodeBalance start
2025-12-25 09:49:43 [main] INFO  c.a.s.s.j.t.s.a.l.JobTaskFailAlarmListener - JobTaskFailAlarmListener started
2025-12-25 09:49:43 [main] INFO  c.a.s.s.j.t.s.a.l.WorkflowTaskFailAlarmListener - WorkflowTaskFailAlarmListener started
2025-12-25 09:49:43 [main] INFO  c.a.s.s.r.t.s.c.CacheGroupRateLimiter - CacheGroupRateLimiter start
2025-12-25 09:49:43 [main] INFO  c.a.s.s.r.t.s.l.RetryTaskFailAlarmListener - RetryTaskFailAlarmListener started
2025-12-25 09:49:43 [main] INFO  c.a.s.s.r.t.s.l.RetryTaskFailDeadLetterAlarmListener - RetryTaskFailDeadLetterAlarmListener started
2025-12-25 09:49:43 [main] INFO  c.a.s.s.s.listener.StartListener - snail-job server started successfully v1.8.0
2025-12-25 09:49:43 [main] INFO  o.d.s.SnailJobServerApplication - Started SnailJobServerApplication in 7.966 seconds (process running for 8.485)
2025-12-25 09:49:43 [snail-job-scheduled-thread-4] INFO  com.zaxxer.hikari.HikariDataSource - HikariPool-1 - Starting...
2025-12-25 09:49:43 [snail-job-scheduled-thread-4] INFO  com.zaxxer.hikari.pool.HikariPool - HikariPool-1 - Added connection com.mysql.cj.jdbc.ConnectionImpl@2dbc0f39
2025-12-25 09:49:43 [snail-job-scheduled-thread-4] INFO  com.zaxxer.hikari.HikariDataSource - HikariPool-1 - Start completed.
2025-12-25 09:49:53 [server-node-balance] INFO  c.a.s.s.c.handler.ServerNodeBalance - Node change detected, starting load balancing. localHostIds:["2004006595068276736"] remoteHostIds:["2004006595068276736"]
2025-12-25 09:49:53 [server-node-balance] INFO  c.a.s.s.c.handler.ServerNodeBalance - rebalance start remoteHostIds:["2004006595068276736"]
2025-12-25 09:49:53 [server-node-balance] INFO  c.a.s.s.c.handler.ServerNodeBalance - rebalance complete. allocate:[[0, 1, 2, 3, 4, 5, 6, 7, 8, 9, 10, 11, 12, 13, 14, 15, 16, 17, 18, 19, 20, 21, 22, 23, 24, 25, 26, 27, 28, 29, 30, 31, 32, 33, 34, 35, 36, 37, 38, 39, 40, 41, 42, 43, 44, 45, 46, 47, 48, 49, 50, 51, 52, 53, 54, 55, 56, 57, 58, 59, 60, 61, 62, 63, 64, 65, 66, 67, 68, 69, 70, 71, 72, 73, 74, 75, 76, 77, 78, 79, 80, 81, 82, 83, 84, 85, 86, 87, 88, 89, 90, 91, 92, 93, 94, 95, 96, 97, 98, 99, 100, 101, 102, 103, 104, 105, 106, 107, 108, 109, 110, 111, 112, 113, 114, 115, 116, 117, 118, 119, 120, 121, 122, 123, 124, 125, 126, 127]]
2025-12-25 09:58:13 [JOB_ACTOR_SYSTEM-pekko.actor.job-task-executor-call-client-dispatcher-17] INFO  c.a.s.s.j.t.s.e.j.RequestClientActor - Task ID:[2] Task scheduled successfully.
2025-12-25 09:59:53 [instance-timeout-check-thread] INFO  c.a.s.s.c.handler.InstanceManager - Node 172.31.48.1:28080 is offline. Removing...
